#
# A fatal error has been detected by the Java Runtime Environment:
#
#  EXCEPTION_UNCAUGHT_CXX_EXCEPTION (0xe06d7363) at pc=0x00007ffeddb866ca, pid=17984, tid=14980
#
# JRE version: OpenJDK Runtime Environment (21.0.5) (build 21.0.5+-13047016-b750.29)
# Java VM: OpenJDK 64-Bit Server VM (21.0.5+-13047016-b750.29, mixed mode, emulated-client, tiered, compressed oops, compressed class ptrs, g1 gc, windows-amd64)
# Problematic frame:
# C  [KERNELBASE.dll+0xc66ca]
#
# No core dump will be written. Minidumps are not enabled by default on client versions of Windows
#
# If you would like to submit a bug report, please visit:
#   https://youtrack.jetbrains.com/issues/JBR
#

---------------  S U M M A R Y ------------

Command Line: -XX:TieredStopAtLevel=1 pe.edu.upeu.bges.BgesApplication

Host: Intel(R) Core(TM) i5-8250U CPU @ 1.60GHz, 8 cores, 7G,  Windows 11 , 64 bit Build 26100 (10.0.26100.5074)
Time: Sun Sep 14 05:39:52 2025 Hora est. Pacífico, Sudamérica elapsed time: 1.381791 seconds (0d 0h 0m 1s)

---------------  T H R E A D  ---------------

Current thread (0x0000024f14f57f80):  JavaThread "main"             [_thread_in_vm, id=14980, stack(0x000000e837200000,0x000000e837300000) (1024K)]

Stack: [0x000000e837200000,0x000000e837300000],  sp=0x000000e8372fd940,  free space=1014k
Native frames: (J=compiled Java code, j=interpreted, Vv=VM code, C=native code)
C  [KERNELBASE.dll+0xc66ca]
C  [VCRUNTIME140.dll+0x6480]
C  [jimage.dll+0x32a3]
C  [jimage.dll+0x2a11]
C  [jimage.dll+0x145b]
C  [jimage.dll+0x1e87]
C  [jimage.dll+0x1f1e]
C  [jimage.dll+0x265a]
V  [jvm.dll+0x21d985]
V  [jvm.dll+0x21c802]
V  [jvm.dll+0x7d555c]
V  [jvm.dll+0x7d6602]
V  [jvm.dll+0x7d6bc4]
V  [jvm.dll+0x7d6858]
V  [jvm.dll+0x26d41b]
V  [jvm.dll+0x3d4f2e]
C  0x0000024f1a2a8c16

The last pc belongs to new (printed below).
Java frames: (J=compiled Java code, j=interpreted, Vv=VM code)
j  java.util.concurrent.Executors.newCachedThreadPool(Ljava/util/concurrent/ThreadFactory;)Ljava/util/concurrent/ExecutorService;+0 java.base@21.0.5
j  java.lang.ProcessHandleImpl.lambda$static$1()Ljava/util/concurrent/Executor;+52 java.base@21.0.5
j  java.lang.ProcessHandleImpl$$Lambda+0x0000000100124fe0.run()Ljava/lang/Object;+0 java.base@21.0.5
j  java.security.AccessController.executePrivileged(Ljava/security/PrivilegedAction;Ljava/security/AccessControlContext;Ljava/lang/Class;)Ljava/lang/Object;+29 java.base@21.0.5
j  java.security.AccessController.doPrivileged(Ljava/security/PrivilegedAction;)Ljava/lang/Object;+5 java.base@21.0.5
j  java.lang.ProcessHandleImpl.<clinit>()V+37 java.base@21.0.5
v  ~StubRoutines::call_stub 0x0000024f1a29100d
j  java.lang.ProcessHandle.current()Ljava/lang/ProcessHandle;+0 java.base@21.0.5
j  org.springframework.boot.system.ApplicationPid.currentProcessPid()Ljava/lang/Long;+0
j  org.springframework.boot.system.ApplicationPid.<init>()V+6
j  org.springframework.boot.ApplicationInfoPropertySource.getProperties(Ljava/lang/String;)Ljava/util/Map;+29
j  org.springframework.boot.ApplicationInfoPropertySource.<init>(Ljava/lang/Class;)V+7
j  org.springframework.boot.SpringApplication.configurePropertySources(Lorg/springframework/core/env/ConfigurableEnvironment;[Ljava/lang/String;)V+130
j  org.springframework.boot.SpringApplication.configureEnvironment(Lorg/springframework/core/env/ConfigurableEnvironment;[Ljava/lang/String;)V+23
j  org.springframework.boot.SpringApplication.prepareEnvironment(Lorg/springframework/boot/SpringApplicationRunListeners;Lorg/springframework/boot/DefaultBootstrapContext;Lorg/springframework/boot/ApplicationArguments;)Lorg/springframework/core/env/ConfigurableEnvironment;+15
j  org.springframework.boot.SpringApplication.run([Ljava/lang/String;)Lorg/springframework/context/ConfigurableApplicationContext;+65
j  org.springframework.boot.SpringApplication.run([Ljava/lang/Class;[Ljava/lang/String;)Lorg/springframework/context/ConfigurableApplicationContext;+9
j  org.springframework.boot.SpringApplication.run(Ljava/lang/Class;[Ljava/lang/String;)Lorg/springframework/context/ConfigurableApplicationContext;+9
j  pe.edu.upeu.bges.BgesApplication.main([Ljava/lang/String;)V+3
v  ~StubRoutines::call_stub 0x0000024f1a29100d

siginfo: EXCEPTION_UNCAUGHT_CXX_EXCEPTION (0xe06d7363), ExceptionInformation=0x0000000019930520 0x000000e8372fdac0 0x00007ffed2625198 0x00007ffed2620000 


Registers:
RAX=0x0000000000000000, RBX=0x000000e8372fda68, RCX=0x0000000000000000, RDX=0x0000000000000000
RSP=0x000000e8372fd940, RBP=0x0000000000000004, RSI=0x0000000000000001, RDI=0x00000000e06d7363
R8 =0x0000000000000000, R9 =0x0000000000000000, R10=0x0000000000000000, R11=0x0000000000000000
R12=0x0000000000003e66, R13=0x0000024f1713fb98, R14=0x0000024f274c8380, R15=0x0000024f274c8380
RIP=0x00007ffeddb866ca, EFLAGS=0x0000000000000202


Register to memory mapping:

RAX=0x0 is null
RBX=0x000000e8372fda68 is pointing into the stack for thread: 0x0000024f14f57f80
RCX=0x0 is null
RDX=0x0 is null
RSP=0x000000e8372fd940 is pointing into the stack for thread: 0x0000024f14f57f80
RBP=0x0000000000000004 is an unknown value
RSI=0x0000000000000001 is an unknown value
RDI=0x00000000e06d7363 is an unallocated location in the heap
R8 =0x0 is null
R9 =0x0 is null
R10=0x0 is null
R11=0x0 is null
R12=0x0000000000003e66 is an unknown value
R13=0x0000024f1713fb98 points into unknown readable memory: 0x7361622e6176616a | 6a 61 76 61 2e 62 61 73
R14=0x0000024f274c8380 points into unknown readable memory: 0x0000000b00000003 | 03 00 00 00 0b 00 00 00
R15=0x0000024f274c8380 points into unknown readable memory: 0x0000000b00000003 | 03 00 00 00 0b 00 00 00

Top of Stack: (sp=0x000000e8372fd940)
0x000000e8372fd940:   0000000000003e66 000000e8372fda68
0x000000e8372fd950:   0000000000000001 0000024f274c8380
0x000000e8372fd960:   00000081e06d7363 0000000000000000
0x000000e8372fd970:   00007ffeddb866ca 0000000000000004
0x000000e8372fd980:   0000000019930520 000000e8372fdac0
0x000000e8372fd990:   00007ffed2625198 00007ffed2620000
0x000000e8372fd9a0:   0000000000000000 0000000000000000
0x000000e8372fd9b0:   0000000000000000 0000000000000000
0x000000e8372fd9c0:   0000000000000000 0000000000000000
0x000000e8372fd9d0:   0000000000000000 0000000000000000
0x000000e8372fd9e0:   0000000000000000 0000000000000000
0x000000e8372fd9f0:   0000000000000000 00007ffe638f6a18
0x000000e8372fda00:   00004cf50445d6ab 000000e8372fdbf0
0x000000e8372fda10:   00007ffed2627000 0000000019930520
0x000000e8372fda20:   000000e8372fdac0 000000e8372fdbf0
0x000000e8372fda30:   00007ffed2625198 00007ffed2b26480
0x000000e8372fda40:   0000024f23b927b8 0000024f14f57f80
0x000000e8372fda50:   000000e8372fdab0 00007ffede1b4375
0x000000e8372fda60:   00007ffed2620000 0000000019930520
0x000000e8372fda70:   000000e8372fdac0 00007ffed2625198
0x000000e8372fda80:   00007ffed2620000 00007ffede1b01d3
0x000000e8372fda90:   0000024f177be010 00007ffed26232a3
0x000000e8372fdaa0:   fffffffffffffffe 0000000000000000
0x000000e8372fdab0:   0000000000003e66 0000024f177be010
0x000000e8372fdac0:   00007ffed2624468 00007ffed2624478
0x000000e8372fdad0:   0000000000000000 0000024f227951b0
0x000000e8372fdae0:   0000024f177be010 00007ffed2622a11
0x000000e8372fdaf0:   0000000000003e66 00007ffe634e6a86
0x000000e8372fdb00:   00007ffe63dfd260 00000001001260a8
0x000000e8372fdb10:   0000024f177be010 00007ffed262145b
0x000000e8372fdb20:   000000e8372fde50 0000024f225af5f0
0x000000e8372fdb30:   0000024f14f57f80 0000024f14f57f80 

Instructions: (pc=0x00007ffeddb866ca)
0x00007ffeddb865ca:   00 e8 b0 24 f9 ff 48 8b cb e8 88 cb f5 ff 48 85
0x00007ffeddb865da:   f6 74 08 48 8b ce e8 7b cb f5 ff 48 85 ff 74 08
0x00007ffeddb865ea:   48 8b cf e8 6e cb f5 ff 8b 4c 24 40 48 ff 15 23
0x00007ffeddb865fa:   fc 1c 00 0f 1f 44 00 00 90 48 8b 8c 24 a0 02 00
0x00007ffeddb8660a:   00 48 33 cc e8 bd 2a 0d 00 4c 8d 9c 24 b0 02 00
0x00007ffeddb8661a:   00 49 8b 5b 38 49 8b 73 40 49 8b e3 41 5f 41 5e
0x00007ffeddb8662a:   41 5d 41 5c 5f c3 cc cc cc cc cc cc cc cc cc cc
0x00007ffeddb8663a:   cc cc cc cc cc cc 40 53 55 56 57 48 81 ec d8 00
0x00007ffeddb8664a:   00 00 48 8b 05 7d 6a 2d 00 48 33 c4 48 89 84 24
0x00007ffeddb8665a:   c0 00 00 00 8b f2 41 8b e8 33 d2 8b f9 48 8d 4c
0x00007ffeddb8666a:   24 3c 49 8b d9 44 8d 42 7c e8 b9 c1 06 00 33 c9
0x00007ffeddb8667a:   89 7c 24 20 83 e6 01 48 89 4c 24 28 89 74 24 24
0x00007ffeddb8668a:   48 8d 05 af ff ff ff 48 89 44 24 30 48 85 db 74
0x00007ffeddb8669a:   51 41 b8 0f 00 00 00 48 8d 4c 24 40 41 3b e8 48
0x00007ffeddb866aa:   8b d3 44 0f 46 c5 44 89 44 24 38 49 c1 e0 03 e8
0x00007ffeddb866ba:   c9 29 0d 00 48 8d 4c 24 20 48 ff 15 76 02 1d 00
0x00007ffeddb866ca:   0f 1f 44 00 00 48 8b 8c 24 c0 00 00 00 48 33 cc
0x00007ffeddb866da:   e8 f1 29 0d 00 48 81 c4 d8 00 00 00 5f 5e 5d 5b
0x00007ffeddb866ea:   c3 cc 89 4c 24 38 eb cc cc cc cc cc cc cc cc cc
0x00007ffeddb866fa:   cc cc cc cc cc cc 48 89 5c 24 10 48 89 74 24 18
0x00007ffeddb8670a:   57 48 83 ec 30 48 8b d9 33 ff f6 c1 08 0f 84 a7
0x00007ffeddb8671a:   00 00 00 48 8b 0d 24 be 2d 00 48 ff 15 75 fc 1c
0x00007ffeddb8672a:   00 0f 1f 44 00 00 90 48 8d 53 f8 48 8d 0d 24 be
0x00007ffeddb8673a:   2d 00 48 ff 15 2d fc 1c 00 0f 1f 44 00 00 84 c0
0x00007ffeddb8674a:   74 2f 48 8b 3b 48 89 7c 24 20 48 85 ff 74 1b 0f
0x00007ffeddb8675a:   b7 4b fa ba ff 00 00 00 8d 41 01 66 89 43 fa 66
0x00007ffeddb8676a:   3b ca 75 1e 66 89 4b fa eb 18 b9 9d 00 00 00 eb
0x00007ffeddb8677a:   05 b9 06 00 00 00 48 ff 15 99 fa 1c 00 0f 1f 44
0x00007ffeddb8678a:   00 00 eb 0f 33 ff 48 89 7c 24 20 8b c8 e8 74 91
0x00007ffeddb8679a:   f5 ff 90 48 8b 0d a4 bd 2d 00 48 ff 15 ed fb 1c
0x00007ffeddb867aa:   00 0f 1f 44 00 00 48 8b c7 48 8b 5c 24 48 48 8b
0x00007ffeddb867ba:   74 24 50 48 83 c4 30 5f c3 cc 48 8b 05 15 d1 2d 


Stack slot to memory mapping:

stack at sp + 0 slots: 0x0000000000003e66 is an unknown value
stack at sp + 1 slots: 0x000000e8372fda68 is pointing into the stack for thread: 0x0000024f14f57f80
stack at sp + 2 slots: 0x0000000000000001 is an unknown value
stack at sp + 3 slots: 0x0000024f274c8380 points into unknown readable memory: 0x0000000b00000003 | 03 00 00 00 0b 00 00 00
stack at sp + 4 slots: 0x00000081e06d7363 is an unknown value
stack at sp + 5 slots: 0x0 is null
stack at sp + 6 slots: 0x00007ffeddb866ca KERNELBASE.dll
stack at sp + 7 slots: 0x0000000000000004 is an unknown value

new  187 new  [0x0000024f1a2a8aa0, 0x0000024f1a2a8ca0]  512 bytes
[MachCode]
  0x0000024f1a2a8aa0: 4883 ec08 | c5fa 1104 | 24eb 1f48 | 83ec 10c5 | fb11 0424 | eb14 4883 | ec10 4889 | 0424 48c7 
  0x0000024f1a2a8ac0: 4424 0800 | 0000 00eb | 0150 410f | b755 010f | cac1 ea10 | 488b 4de8 | 488b 4908 | 488b 4908 
  0x0000024f1a2a8ae0: 488b 4108 | 807c 1004 | 070f 85ca | 0000 0066 | 8b54 d148 | 488b 4928 | 488b 4cd1 | 0851 80b9 
  0x0000024f1a2a8b00: 4101 0000 | 040f 85ad | 0000 008b | 5108 f6c2 | 010f 85a1 | 0000 0049 | 8b87 b801 | 0000 488d 
  0x0000024f1a2a8b20: 1c10 493b | 9fc8 0100 | 000f 8789 | 0000 0049 | 899f b801 | 0000 4883 | ea10 0f84 | 0f00 0000 
  0x0000024f1a2a8b40: 33c9 c1ea | 0348 894c | d008 48ff | ca75 f648 | c700 0100 | 0000 5933 | f689 700c | 48c1 e903 
  0x0000024f1a2a8b60: 8948 0849 | ba41 47de | 63fe 7f00 | 0041 803a | 000f 843c | 0000 0050 | 488b c848 | 83ec 2040 
  0x0000024f1a2a8b80: f6c4 0f0f | 8419 0000 | 0048 83ec | 0848 b810 | 6c98 63fe | 7f00 00ff | d048 83c4 | 08e9 0c00 
  0x0000024f1a2a8ba0: 0000 48b8 | 106c 9863 | fe7f 0000 | ffd0 4883 | c420 58e9 | cb00 0000 | 5948 8b55 | e848 8b52 
  0x0000024f1a2a8bc0: 0848 8b52 | 0845 0fb7 | 4501 410f | c841 c1e8 | 10e8 0500 | 0000 e9a8 | 0000 0048 | 8d44 2408 
  0x0000024f1a2a8be0: 4c89 6dc0 | 498b cfc5 | f877 4989 | afa8 0300 | 0049 8987 | 9803 0000 | 4883 ec20 | 40f6 c40f 
  0x0000024f1a2a8c00: 0f84 1900 | 0000 4883 | ec08 48b8 | e04e 6263 | fe7f 0000 | ffd0 4883 | c408 e90c | 0000 0048 
  0x0000024f1a2a8c20: b8e0 4e62 | 63fe 7f00 | 00ff d048 | 83c4 2049 | c787 9803 | 0000 0000 | 0000 49c7 | 87a8 0300 
  0x0000024f1a2a8c40: 0000 0000 | 0049 c787 | a003 0000 | 0000 0000 | c5f8 7749 | 837f 0800 | 0f84 0500 | 0000 e99d 
  0x0000024f1a2a8c60: 82fe ff49 | 8b87 f003 | 0000 49c7 | 87f0 0300 | 0000 0000 | 004c 8b6d | c04c 8b75 | c84e 8d74 
  0x0000024f1a2a8c80: f500 c341 | 0fb6 5d03 | 4983 c503 | 49ba 3011 | e163 fe7f | 0000 41ff | 24da 660f | 1f44 0000 
[/MachCode]

---------------  P R O C E S S  ---------------

Threads class SMR info:
_java_thread_list=0x0000024f27374f00, length=13, elements={
0x0000024f14f57f80, 0x0000024f2277a9c0, 0x0000024f22785960, 0x0000024f2278e870,
0x0000024f2279d9f0, 0x0000024f22792780, 0x0000024f227a3540, 0x0000024f227944c0,
0x0000024f228b06a0, 0x0000024f22937ac0, 0x0000024f2293e960, 0x0000024f27359ca0,
0x0000024f273a0cd0
}

Java Threads: ( => current thread )
=>0x0000024f14f57f80 JavaThread "main"                              [_thread_in_vm, id=14980, stack(0x000000e837200000,0x000000e837300000) (1024K)]
  0x0000024f2277a9c0 JavaThread "Reference Handler"          daemon [_thread_blocked, id=7820, stack(0x000000e837a00000,0x000000e837b00000) (1024K)]
  0x0000024f22785960 JavaThread "Finalizer"                  daemon [_thread_blocked, id=5196, stack(0x000000e837b00000,0x000000e837c00000) (1024K)]
  0x0000024f2278e870 JavaThread "Signal Dispatcher"          daemon [_thread_blocked, id=2484, stack(0x000000e837c00000,0x000000e837d00000) (1024K)]
  0x0000024f2279d9f0 JavaThread "Attach Listener"            daemon [_thread_blocked, id=14856, stack(0x000000e837d00000,0x000000e837e00000) (1024K)]
  0x0000024f22792780 JavaThread "Service Thread"             daemon [_thread_blocked, id=16824, stack(0x000000e837e00000,0x000000e837f00000) (1024K)]
  0x0000024f227a3540 JavaThread "Monitor Deflation Thread"   daemon [_thread_blocked, id=6692, stack(0x000000e837f00000,0x000000e838000000) (1024K)]
  0x0000024f227944c0 JavaThread "C1 CompilerThread0"         daemon [_thread_blocked, id=3296, stack(0x000000e838000000,0x000000e838100000) (1024K)]
  0x0000024f228b06a0 JavaThread "C1 CompilerThread1"         daemon [_thread_blocked, id=19352, stack(0x000000e838100000,0x000000e838200000) (1024K)]
  0x0000024f22937ac0 JavaThread "Notification Thread"        daemon [_thread_blocked, id=14628, stack(0x000000e838200000,0x000000e838300000) (1024K)]
  0x0000024f2293e960 JavaThread "Common-Cleaner"             daemon [_thread_blocked, id=5084, stack(0x000000e838300000,0x000000e838400000) (1024K)]
  0x0000024f27359ca0 JavaThread "C1 CompilerThread2"         daemon [_thread_blocked, id=14236, stack(0x000000e838400000,0x000000e838500000) (1024K)]
  0x0000024f273a0cd0 JavaThread "C1 CompilerThread3"         daemon [_thread_blocked, id=16440, stack(0x000000e838500000,0x000000e838600000) (1024K)]
Total: 13

Other Threads:
  0x0000024f225be5c0 VMThread "VM Thread"                           [id=18856, stack(0x000000e837900000,0x000000e837a00000) (1024K)]
  0x0000024f22556430 WatcherThread "VM Periodic Task Thread"        [id=7424, stack(0x000000e837800000,0x000000e837900000) (1024K)]
  0x0000024f17199a50 WorkerThread "GC Thread#0"                     [id=11860, stack(0x000000e837300000,0x000000e837400000) (1024K)]
  0x0000024f171ab460 ConcurrentGCThread "G1 Main Marker"            [id=14300, stack(0x000000e837400000,0x000000e837500000) (1024K)]
  0x0000024f171ad3e0 WorkerThread "G1 Conc#0"                       [id=10556, stack(0x000000e837500000,0x000000e837600000) (1024K)]
  0x0000024f2240e160 ConcurrentGCThread "G1 Refine#0"               [id=10192, stack(0x000000e837600000,0x000000e837700000) (1024K)]
  0x0000024f2240e980 ConcurrentGCThread "G1 Service"                [id=16120, stack(0x000000e837700000,0x000000e837800000) (1024K)]
Total: 7

Threads with active compile tasks:
Total: 0

VM state: not at safepoint (normal execution)

VM Mutex/Monitor currently owned by a thread: None

Heap address: 0x0000000081a00000, size: 2022 MB, Compressed Oops mode: 32-bit

CDS archive(s) not mapped
Compressed class space mapped at: 0x0000000100000000-0x0000000140000000, reserved size: 1073741824
Narrow klass base: 0x0000000000000000, Narrow klass shift: 3, Narrow klass range: 0x140000000

GC Precious Log:
 CardTable entry size: 512
 Card Set container configuration: InlinePtr #cards 5 size 8 Array Of Cards #cards 12 size 40 Howl #buckets 4 coarsen threshold 1843 Howl Bitmap #cards 512 size 80 coarsen threshold 460 Card regions per heap region 1 cards per card region 2048
 CPUs: 8 total, 8 available
 Memory: 8083M
 Large Page Support: Disabled
 NUMA Support: Disabled
 Compressed Oops: Enabled (32-bit)
 Heap Region Size: 1M
 Heap Min Capacity: 8M
 Heap Initial Capacity: 128M
 Heap Max Capacity: 2022M
 Pre-touch: Disabled
 Parallel Workers: 8
 Concurrent Workers: 2
 Concurrent Refinement Workers: 8
 Periodic GC: Disabled

Heap:
 garbage-first heap   total 131072K, used 22528K [0x0000000081a00000, 0x0000000100000000)
  region size 1024K, 21 young (21504K), 0 survivors (0K)
 Metaspace       used 13073K, committed 13312K, reserved 1114112K
  class space    used 1382K, committed 1472K, reserved 1048576K

Heap Regions: E=young(eden), S=young(survivor), O=old, HS=humongous(starts), HC=humongous(continues), CS=collection set, F=free, TAMS=top-at-mark-start, PB=parsable bottom
|   0|0x0000000081a00000, 0x0000000081b00000, 0x0000000081b00000|100%|HS|  |TAMS 0x0000000081a00000| PB 0x0000000081a00000| Complete 
|   1|0x0000000081b00000, 0x0000000081c00000, 0x0000000081c00000|100%|HS|  |TAMS 0x0000000081b00000| PB 0x0000000081b00000| Complete 
|   2|0x0000000081c00000, 0x0000000081c00000, 0x0000000081d00000|  0%| F|  |TAMS 0x0000000081c00000| PB 0x0000000081c00000| Untracked 
|   3|0x0000000081d00000, 0x0000000081d00000, 0x0000000081e00000|  0%| F|  |TAMS 0x0000000081d00000| PB 0x0000000081d00000| Untracked 
|   4|0x0000000081e00000, 0x0000000081e00000, 0x0000000081f00000|  0%| F|  |TAMS 0x0000000081e00000| PB 0x0000000081e00000| Untracked 
|   5|0x0000000081f00000, 0x0000000081f00000, 0x0000000082000000|  0%| F|  |TAMS 0x0000000081f00000| PB 0x0000000081f00000| Untracked 
|   6|0x0000000082000000, 0x0000000082000000, 0x0000000082100000|  0%| F|  |TAMS 0x0000000082000000| PB 0x0000000082000000| Untracked 
|   7|0x0000000082100000, 0x0000000082100000, 0x0000000082200000|  0%| F|  |TAMS 0x0000000082100000| PB 0x0000000082100000| Untracked 
|   8|0x0000000082200000, 0x0000000082200000, 0x0000000082300000|  0%| F|  |TAMS 0x0000000082200000| PB 0x0000000082200000| Untracked 
|   9|0x0000000082300000, 0x0000000082300000, 0x0000000082400000|  0%| F|  |TAMS 0x0000000082300000| PB 0x0000000082300000| Untracked 
|  10|0x0000000082400000, 0x0000000082400000, 0x0000000082500000|  0%| F|  |TAMS 0x0000000082400000| PB 0x0000000082400000| Untracked 
|  11|0x0000000082500000, 0x0000000082500000, 0x0000000082600000|  0%| F|  |TAMS 0x0000000082500000| PB 0x0000000082500000| Untracked 
|  12|0x0000000082600000, 0x0000000082600000, 0x0000000082700000|  0%| F|  |TAMS 0x0000000082600000| PB 0x0000000082600000| Untracked 
|  13|0x0000000082700000, 0x0000000082700000, 0x0000000082800000|  0%| F|  |TAMS 0x0000000082700000| PB 0x0000000082700000| Untracked 
|  14|0x0000000082800000, 0x0000000082800000, 0x0000000082900000|  0%| F|  |TAMS 0x0000000082800000| PB 0x0000000082800000| Untracked 
|  15|0x0000000082900000, 0x0000000082900000, 0x0000000082a00000|  0%| F|  |TAMS 0x0000000082900000| PB 0x0000000082900000| Untracked 
|  16|0x0000000082a00000, 0x0000000082a00000, 0x0000000082b00000|  0%| F|  |TAMS 0x0000000082a00000| PB 0x0000000082a00000| Untracked 
|  17|0x0000000082b00000, 0x0000000082b00000, 0x0000000082c00000|  0%| F|  |TAMS 0x0000000082b00000| PB 0x0000000082b00000| Untracked 
|  18|0x0000000082c00000, 0x0000000082c00000, 0x0000000082d00000|  0%| F|  |TAMS 0x0000000082c00000| PB 0x0000000082c00000| Untracked 
|  19|0x0000000082d00000, 0x0000000082d00000, 0x0000000082e00000|  0%| F|  |TAMS 0x0000000082d00000| PB 0x0000000082d00000| Untracked 
|  20|0x0000000082e00000, 0x0000000082e00000, 0x0000000082f00000|  0%| F|  |TAMS 0x0000000082e00000| PB 0x0000000082e00000| Untracked 
|  21|0x0000000082f00000, 0x0000000082f00000, 0x0000000083000000|  0%| F|  |TAMS 0x0000000082f00000| PB 0x0000000082f00000| Untracked 
|  22|0x0000000083000000, 0x0000000083000000, 0x0000000083100000|  0%| F|  |TAMS 0x0000000083000000| PB 0x0000000083000000| Untracked 
|  23|0x0000000083100000, 0x0000000083100000, 0x0000000083200000|  0%| F|  |TAMS 0x0000000083100000| PB 0x0000000083100000| Untracked 
|  24|0x0000000083200000, 0x0000000083200000, 0x0000000083300000|  0%| F|  |TAMS 0x0000000083200000| PB 0x0000000083200000| Untracked 
|  25|0x0000000083300000, 0x0000000083300000, 0x0000000083400000|  0%| F|  |TAMS 0x0000000083300000| PB 0x0000000083300000| Untracked 
|  26|0x0000000083400000, 0x0000000083400000, 0x0000000083500000|  0%| F|  |TAMS 0x0000000083400000| PB 0x0000000083400000| Untracked 
|  27|0x0000000083500000, 0x0000000083500000, 0x0000000083600000|  0%| F|  |TAMS 0x0000000083500000| PB 0x0000000083500000| Untracked 
|  28|0x0000000083600000, 0x0000000083600000, 0x0000000083700000|  0%| F|  |TAMS 0x0000000083600000| PB 0x0000000083600000| Untracked 
|  29|0x0000000083700000, 0x0000000083700000, 0x0000000083800000|  0%| F|  |TAMS 0x0000000083700000| PB 0x0000000083700000| Untracked 
|  30|0x0000000083800000, 0x0000000083800000, 0x0000000083900000|  0%| F|  |TAMS 0x0000000083800000| PB 0x0000000083800000| Untracked 
|  31|0x0000000083900000, 0x0000000083900000, 0x0000000083a00000|  0%| F|  |TAMS 0x0000000083900000| PB 0x0000000083900000| Untracked 
|  32|0x0000000083a00000, 0x0000000083a00000, 0x0000000083b00000|  0%| F|  |TAMS 0x0000000083a00000| PB 0x0000000083a00000| Untracked 
|  33|0x0000000083b00000, 0x0000000083b00000, 0x0000000083c00000|  0%| F|  |TAMS 0x0000000083b00000| PB 0x0000000083b00000| Untracked 
|  34|0x0000000083c00000, 0x0000000083c00000, 0x0000000083d00000|  0%| F|  |TAMS 0x0000000083c00000| PB 0x0000000083c00000| Untracked 
|  35|0x0000000083d00000, 0x0000000083d00000, 0x0000000083e00000|  0%| F|  |TAMS 0x0000000083d00000| PB 0x0000000083d00000| Untracked 
|  36|0x0000000083e00000, 0x0000000083e00000, 0x0000000083f00000|  0%| F|  |TAMS 0x0000000083e00000| PB 0x0000000083e00000| Untracked 
|  37|0x0000000083f00000, 0x0000000083f00000, 0x0000000084000000|  0%| F|  |TAMS 0x0000000083f00000| PB 0x0000000083f00000| Untracked 
|  38|0x0000000084000000, 0x0000000084000000, 0x0000000084100000|  0%| F|  |TAMS 0x0000000084000000| PB 0x0000000084000000| Untracked 
|  39|0x0000000084100000, 0x0000000084100000, 0x0000000084200000|  0%| F|  |TAMS 0x0000000084100000| PB 0x0000000084100000| Untracked 
|  40|0x0000000084200000, 0x0000000084200000, 0x0000000084300000|  0%| F|  |TAMS 0x0000000084200000| PB 0x0000000084200000| Untracked 
|  41|0x0000000084300000, 0x0000000084300000, 0x0000000084400000|  0%| F|  |TAMS 0x0000000084300000| PB 0x0000000084300000| Untracked 
|  42|0x0000000084400000, 0x0000000084400000, 0x0000000084500000|  0%| F|  |TAMS 0x0000000084400000| PB 0x0000000084400000| Untracked 
|  43|0x0000000084500000, 0x0000000084500000, 0x0000000084600000|  0%| F|  |TAMS 0x0000000084500000| PB 0x0000000084500000| Untracked 
|  44|0x0000000084600000, 0x0000000084600000, 0x0000000084700000|  0%| F|  |TAMS 0x0000000084600000| PB 0x0000000084600000| Untracked 
|  45|0x0000000084700000, 0x0000000084700000, 0x0000000084800000|  0%| F|  |TAMS 0x0000000084700000| PB 0x0000000084700000| Untracked 
|  46|0x0000000084800000, 0x0000000084800000, 0x0000000084900000|  0%| F|  |TAMS 0x0000000084800000| PB 0x0000000084800000| Untracked 
|  47|0x0000000084900000, 0x0000000084900000, 0x0000000084a00000|  0%| F|  |TAMS 0x0000000084900000| PB 0x0000000084900000| Untracked 
|  48|0x0000000084a00000, 0x0000000084a00000, 0x0000000084b00000|  0%| F|  |TAMS 0x0000000084a00000| PB 0x0000000084a00000| Untracked 
|  49|0x0000000084b00000, 0x0000000084b00000, 0x0000000084c00000|  0%| F|  |TAMS 0x0000000084b00000| PB 0x0000000084b00000| Untracked 
|  50|0x0000000084c00000, 0x0000000084c00000, 0x0000000084d00000|  0%| F|  |TAMS 0x0000000084c00000| PB 0x0000000084c00000| Untracked 
|  51|0x0000000084d00000, 0x0000000084d00000, 0x0000000084e00000|  0%| F|  |TAMS 0x0000000084d00000| PB 0x0000000084d00000| Untracked 
|  52|0x0000000084e00000, 0x0000000084e00000, 0x0000000084f00000|  0%| F|  |TAMS 0x0000000084e00000| PB 0x0000000084e00000| Untracked 
|  53|0x0000000084f00000, 0x0000000084f00000, 0x0000000085000000|  0%| F|  |TAMS 0x0000000084f00000| PB 0x0000000084f00000| Untracked 
|  54|0x0000000085000000, 0x0000000085000000, 0x0000000085100000|  0%| F|  |TAMS 0x0000000085000000| PB 0x0000000085000000| Untracked 
|  55|0x0000000085100000, 0x0000000085100000, 0x0000000085200000|  0%| F|  |TAMS 0x0000000085100000| PB 0x0000000085100000| Untracked 
|  56|0x0000000085200000, 0x0000000085200000, 0x0000000085300000|  0%| F|  |TAMS 0x0000000085200000| PB 0x0000000085200000| Untracked 
|  57|0x0000000085300000, 0x0000000085300000, 0x0000000085400000|  0%| F|  |TAMS 0x0000000085300000| PB 0x0000000085300000| Untracked 
|  58|0x0000000085400000, 0x0000000085400000, 0x0000000085500000|  0%| F|  |TAMS 0x0000000085400000| PB 0x0000000085400000| Untracked 
|  59|0x0000000085500000, 0x0000000085500000, 0x0000000085600000|  0%| F|  |TAMS 0x0000000085500000| PB 0x0000000085500000| Untracked 
|  60|0x0000000085600000, 0x0000000085600000, 0x0000000085700000|  0%| F|  |TAMS 0x0000000085600000| PB 0x0000000085600000| Untracked 
|  61|0x0000000085700000, 0x0000000085700000, 0x0000000085800000|  0%| F|  |TAMS 0x0000000085700000| PB 0x0000000085700000| Untracked 
|  62|0x0000000085800000, 0x0000000085800000, 0x0000000085900000|  0%| F|  |TAMS 0x0000000085800000| PB 0x0000000085800000| Untracked 
|  63|0x0000000085900000, 0x0000000085900000, 0x0000000085a00000|  0%| F|  |TAMS 0x0000000085900000| PB 0x0000000085900000| Untracked 
|  64|0x0000000085a00000, 0x0000000085a00000, 0x0000000085b00000|  0%| F|  |TAMS 0x0000000085a00000| PB 0x0000000085a00000| Untracked 
|  65|0x0000000085b00000, 0x0000000085b00000, 0x0000000085c00000|  0%| F|  |TAMS 0x0000000085b00000| PB 0x0000000085b00000| Untracked 
|  66|0x0000000085c00000, 0x0000000085c00000, 0x0000000085d00000|  0%| F|  |TAMS 0x0000000085c00000| PB 0x0000000085c00000| Untracked 
|  67|0x0000000085d00000, 0x0000000085d00000, 0x0000000085e00000|  0%| F|  |TAMS 0x0000000085d00000| PB 0x0000000085d00000| Untracked 
|  68|0x0000000085e00000, 0x0000000085e00000, 0x0000000085f00000|  0%| F|  |TAMS 0x0000000085e00000| PB 0x0000000085e00000| Untracked 
|  69|0x0000000085f00000, 0x0000000085f00000, 0x0000000086000000|  0%| F|  |TAMS 0x0000000085f00000| PB 0x0000000085f00000| Untracked 
|  70|0x0000000086000000, 0x0000000086000000, 0x0000000086100000|  0%| F|  |TAMS 0x0000000086000000| PB 0x0000000086000000| Untracked 
|  71|0x0000000086100000, 0x0000000086100000, 0x0000000086200000|  0%| F|  |TAMS 0x0000000086100000| PB 0x0000000086100000| Untracked 
|  72|0x0000000086200000, 0x0000000086200000, 0x0000000086300000|  0%| F|  |TAMS 0x0000000086200000| PB 0x0000000086200000| Untracked 
|  73|0x0000000086300000, 0x0000000086300000, 0x0000000086400000|  0%| F|  |TAMS 0x0000000086300000| PB 0x0000000086300000| Untracked 
|  74|0x0000000086400000, 0x0000000086400000, 0x0000000086500000|  0%| F|  |TAMS 0x0000000086400000| PB 0x0000000086400000| Untracked 
|  75|0x0000000086500000, 0x0000000086500000, 0x0000000086600000|  0%| F|  |TAMS 0x0000000086500000| PB 0x0000000086500000| Untracked 
|  76|0x0000000086600000, 0x0000000086600000, 0x0000000086700000|  0%| F|  |TAMS 0x0000000086600000| PB 0x0000000086600000| Untracked 
|  77|0x0000000086700000, 0x0000000086700000, 0x0000000086800000|  0%| F|  |TAMS 0x0000000086700000| PB 0x0000000086700000| Untracked 
|  78|0x0000000086800000, 0x0000000086800000, 0x0000000086900000|  0%| F|  |TAMS 0x0000000086800000| PB 0x0000000086800000| Untracked 
|  79|0x0000000086900000, 0x0000000086900000, 0x0000000086a00000|  0%| F|  |TAMS 0x0000000086900000| PB 0x0000000086900000| Untracked 
|  80|0x0000000086a00000, 0x0000000086a00000, 0x0000000086b00000|  0%| F|  |TAMS 0x0000000086a00000| PB 0x0000000086a00000| Untracked 
|  81|0x0000000086b00000, 0x0000000086b00000, 0x0000000086c00000|  0%| F|  |TAMS 0x0000000086b00000| PB 0x0000000086b00000| Untracked 
|  82|0x0000000086c00000, 0x0000000086c00000, 0x0000000086d00000|  0%| F|  |TAMS 0x0000000086c00000| PB 0x0000000086c00000| Untracked 
|  83|0x0000000086d00000, 0x0000000086d00000, 0x0000000086e00000|  0%| F|  |TAMS 0x0000000086d00000| PB 0x0000000086d00000| Untracked 
|  84|0x0000000086e00000, 0x0000000086e00000, 0x0000000086f00000|  0%| F|  |TAMS 0x0000000086e00000| PB 0x0000000086e00000| Untracked 
|  85|0x0000000086f00000, 0x0000000086f00000, 0x0000000087000000|  0%| F|  |TAMS 0x0000000086f00000| PB 0x0000000086f00000| Untracked 
|  86|0x0000000087000000, 0x0000000087000000, 0x0000000087100000|  0%| F|  |TAMS 0x0000000087000000| PB 0x0000000087000000| Untracked 
|  87|0x0000000087100000, 0x0000000087100000, 0x0000000087200000|  0%| F|  |TAMS 0x0000000087100000| PB 0x0000000087100000| Untracked 
|  88|0x0000000087200000, 0x0000000087200000, 0x0000000087300000|  0%| F|  |TAMS 0x0000000087200000| PB 0x0000000087200000| Untracked 
|  89|0x0000000087300000, 0x0000000087300000, 0x0000000087400000|  0%| F|  |TAMS 0x0000000087300000| PB 0x0000000087300000| Untracked 
|  90|0x0000000087400000, 0x0000000087400000, 0x0000000087500000|  0%| F|  |TAMS 0x0000000087400000| PB 0x0000000087400000| Untracked 
|  91|0x0000000087500000, 0x0000000087500000, 0x0000000087600000|  0%| F|  |TAMS 0x0000000087500000| PB 0x0000000087500000| Untracked 
|  92|0x0000000087600000, 0x0000000087600000, 0x0000000087700000|  0%| F|  |TAMS 0x0000000087600000| PB 0x0000000087600000| Untracked 
|  93|0x0000000087700000, 0x0000000087700000, 0x0000000087800000|  0%| F|  |TAMS 0x0000000087700000| PB 0x0000000087700000| Untracked 
|  94|0x0000000087800000, 0x0000000087800000, 0x0000000087900000|  0%| F|  |TAMS 0x0000000087800000| PB 0x0000000087800000| Untracked 
|  95|0x0000000087900000, 0x0000000087900000, 0x0000000087a00000|  0%| F|  |TAMS 0x0000000087900000| PB 0x0000000087900000| Untracked 
|  96|0x0000000087a00000, 0x0000000087a00000, 0x0000000087b00000|  0%| F|  |TAMS 0x0000000087a00000| PB 0x0000000087a00000| Untracked 
|  97|0x0000000087b00000, 0x0000000087b00000, 0x0000000087c00000|  0%| F|  |TAMS 0x0000000087b00000| PB 0x0000000087b00000| Untracked 
|  98|0x0000000087c00000, 0x0000000087c00000, 0x0000000087d00000|  0%| F|  |TAMS 0x0000000087c00000| PB 0x0000000087c00000| Untracked 
|  99|0x0000000087d00000, 0x0000000087d00000, 0x0000000087e00000|  0%| F|  |TAMS 0x0000000087d00000| PB 0x0000000087d00000| Untracked 
| 100|0x0000000087e00000, 0x0000000087e00000, 0x0000000087f00000|  0%| F|  |TAMS 0x0000000087e00000| PB 0x0000000087e00000| Untracked 
| 101|0x0000000087f00000, 0x0000000087f00000, 0x0000000088000000|  0%| F|  |TAMS 0x0000000087f00000| PB 0x0000000087f00000| Untracked 
| 102|0x0000000088000000, 0x0000000088000000, 0x0000000088100000|  0%| F|  |TAMS 0x0000000088000000| PB 0x0000000088000000| Untracked 
| 103|0x0000000088100000, 0x0000000088100000, 0x0000000088200000|  0%| F|  |TAMS 0x0000000088100000| PB 0x0000000088100000| Untracked 
| 104|0x0000000088200000, 0x0000000088200000, 0x0000000088300000|  0%| F|  |TAMS 0x0000000088200000| PB 0x0000000088200000| Untracked 
| 105|0x0000000088300000, 0x0000000088300000, 0x0000000088400000|  0%| F|  |TAMS 0x0000000088300000| PB 0x0000000088300000| Untracked 
| 106|0x0000000088400000, 0x0000000088400000, 0x0000000088500000|  0%| F|  |TAMS 0x0000000088400000| PB 0x0000000088400000| Untracked 
| 107|0x0000000088500000, 0x00000000885ec250, 0x0000000088600000| 92%| E|  |TAMS 0x0000000088500000| PB 0x0000000088500000| Complete 
| 108|0x0000000088600000, 0x0000000088700000, 0x0000000088700000|100%| E|CS|TAMS 0x0000000088600000| PB 0x0000000088600000| Complete 
| 109|0x0000000088700000, 0x0000000088800000, 0x0000000088800000|100%| E|CS|TAMS 0x0000000088700000| PB 0x0000000088700000| Complete 
| 110|0x0000000088800000, 0x0000000088900000, 0x0000000088900000|100%| E|CS|TAMS 0x0000000088800000| PB 0x0000000088800000| Complete 
| 111|0x0000000088900000, 0x0000000088a00000, 0x0000000088a00000|100%| E|CS|TAMS 0x0000000088900000| PB 0x0000000088900000| Complete 
| 112|0x0000000088a00000, 0x0000000088b00000, 0x0000000088b00000|100%| E|CS|TAMS 0x0000000088a00000| PB 0x0000000088a00000| Complete 
| 113|0x0000000088b00000, 0x0000000088c00000, 0x0000000088c00000|100%| E|CS|TAMS 0x0000000088b00000| PB 0x0000000088b00000| Complete 
| 114|0x0000000088c00000, 0x0000000088d00000, 0x0000000088d00000|100%| E|CS|TAMS 0x0000000088c00000| PB 0x0000000088c00000| Complete 
| 115|0x0000000088d00000, 0x0000000088e00000, 0x0000000088e00000|100%| E|CS|TAMS 0x0000000088d00000| PB 0x0000000088d00000| Complete 
| 116|0x0000000088e00000, 0x0000000088f00000, 0x0000000088f00000|100%| E|CS|TAMS 0x0000000088e00000| PB 0x0000000088e00000| Complete 
| 117|0x0000000088f00000, 0x0000000089000000, 0x0000000089000000|100%| E|CS|TAMS 0x0000000088f00000| PB 0x0000000088f00000| Complete 
| 118|0x0000000089000000, 0x0000000089100000, 0x0000000089100000|100%| E|CS|TAMS 0x0000000089000000| PB 0x0000000089000000| Complete 
| 119|0x0000000089100000, 0x0000000089200000, 0x0000000089200000|100%| E|CS|TAMS 0x0000000089100000| PB 0x0000000089100000| Complete 
| 120|0x0000000089200000, 0x0000000089300000, 0x0000000089300000|100%| E|CS|TAMS 0x0000000089200000| PB 0x0000000089200000| Complete 
| 121|0x0000000089300000, 0x0000000089400000, 0x0000000089400000|100%| E|CS|TAMS 0x0000000089300000| PB 0x0000000089300000| Complete 
| 122|0x0000000089400000, 0x0000000089500000, 0x0000000089500000|100%| E|CS|TAMS 0x0000000089400000| PB 0x0000000089400000| Complete 
| 123|0x0000000089500000, 0x0000000089600000, 0x0000000089600000|100%| E|CS|TAMS 0x0000000089500000| PB 0x0000000089500000| Complete 
| 124|0x0000000089600000, 0x0000000089700000, 0x0000000089700000|100%| E|CS|TAMS 0x0000000089600000| PB 0x0000000089600000| Complete 
| 125|0x0000000089700000, 0x0000000089800000, 0x0000000089800000|100%| E|CS|TAMS 0x0000000089700000| PB 0x0000000089700000| Complete 
| 126|0x0000000089800000, 0x0000000089900000, 0x0000000089900000|100%| E|CS|TAMS 0x0000000089800000| PB 0x0000000089800000| Complete 
| 127|0x0000000089900000, 0x0000000089a00000, 0x0000000089a00000|100%| E|CS|TAMS 0x0000000089900000| PB 0x0000000089900000| Complete 

Card table byte_map: [0x0000024f1d7a0000,0x0000024f1dba0000] _byte_map_base: 0x0000024f1d393000

Marking Bits: (CMBitMap*) 0x0000024f1719ad60
 Bits: [0x0000024f1dba0000, 0x0000024f1fb38000)

Polling page: 0x0000024f15070000

Metaspace:

Usage:
  Non-class:     11.42 MB used.
      Class:      1.35 MB used.
       Both:     12.77 MB used.

Virtual space:
  Non-class space:       64.00 MB reserved,      11.56 MB ( 18%) committed,  1 nodes.
      Class space:        1.00 GB reserved,       1.44 MB ( <1%) committed,  1 nodes.
             Both:        1.06 GB reserved,      13.00 MB (  1%) committed. 

Chunk freelists:
   Non-Class:  4.12 MB
       Class:  14.51 MB
        Both:  18.63 MB

MaxMetaspaceSize: unlimited
CompressedClassSpaceSize: 1.00 GB
Initial GC threshold: 21.00 MB
Current GC threshold: 21.00 MB
CDS: off
 - commit_granule_bytes: 65536.
 - commit_granule_words: 8192.
 - virtual_space_node_default_size: 8388608.
 - enlarge_chunks_in_place: 1.
 - use_allocation_guard: 0.


Internal statistics:

num_allocs_failed_limit: 0.
num_arena_births: 116.
num_arena_deaths: 0.
num_vsnodes_births: 2.
num_vsnodes_deaths: 0.
num_space_committed: 208.
num_space_uncommitted: 0.
num_chunks_returned_to_freelist: 0.
num_chunks_taken_from_freelist: 327.
num_chunk_merges: 0.
num_chunk_splits: 174.
num_chunks_enlarged: 95.
num_inconsistent_stats: 0.

CodeCache: size=49152Kb used=4427Kb max_used=4427Kb free=44724Kb
 bounds [0x0000024f1a290000, 0x0000024f1a6f0000, 0x0000024f1d290000]
 total_blobs=1485 nmethods=1049 adapters=358
 compilation: enabled
              stopped_count=0, restarted_count=0
 full_count=0

Compilation events (20 events):
Event: 1.321 Thread 0x0000024f228b06a0 1037       1       java.util.concurrent.ConcurrentLinkedDeque$Node::<init> (5 bytes)
Event: 1.321 Thread 0x0000024f228b06a0 nmethod 1037 0x0000024f1a6dbc90 code [0x0000024f1a6dbe20, 0x0000024f1a6dbee8]
Event: 1.321 Thread 0x0000024f228b06a0 1038       1       org.springframework.util.ConcurrentReferenceHashMap::clear (32 bytes)
Event: 1.321 Thread 0x0000024f228b06a0 nmethod 1038 0x0000024f1a6dbf90 code [0x0000024f1a6dc140, 0x0000024f1a6dc270]
Event: 1.321 Thread 0x0000024f273a0cd0 nmethod 1036 0x0000024f1a6dc390 code [0x0000024f1a6dc580, 0x0000024f1a6dc988]
Event: 1.324 Thread 0x0000024f27359ca0 nmethod 1035 0x0000024f1a6dce90 code [0x0000024f1a6dd1a0, 0x0000024f1a6ddfd0]
Event: 1.325 Thread 0x0000024f273a0cd0 1040       1       java.lang.invoke.DirectMethodHandle::preparedLambdaForm (244 bytes)
Event: 1.325 Thread 0x0000024f27359ca0 1042       1       org.springframework.core.ResolvableType$DefaultVariableResolver::getSource (5 bytes)
Event: 1.326 Thread 0x0000024f27359ca0 nmethod 1042 0x0000024f1a6dec10 code [0x0000024f1a6deda0, 0x0000024f1a6dee68]
Event: 1.326 Thread 0x0000024f273a0cd0 nmethod 1040 0x0000024f1a6def10 code [0x0000024f1a6df180, 0x0000024f1a6df6f8]
Event: 1.338 Thread 0x0000024f273a0cd0 1043       1       org.springframework.util.ConcurrentReferenceHashMap$SoftEntryReference::getHash (5 bytes)
Event: 1.338 Thread 0x0000024f273a0cd0 nmethod 1043 0x0000024f1a6dfc10 code [0x0000024f1a6dfda0, 0x0000024f1a6dfe68]
Event: 1.338 Thread 0x0000024f273a0cd0 1044       1       org.springframework.boot.convert.ApplicationConversionService::assertModifiable (18 bytes)
Event: 1.338 Thread 0x0000024f273a0cd0 nmethod 1044 0x0000024f1a6dff10 code [0x0000024f1a6e00c0, 0x0000024f1a6e0240]
Event: 1.339 Thread 0x0000024f273a0cd0 1045   !   1       java.util.zip.ZipFile$CleanableResource::getInflater (47 bytes)
Event: 1.339 Thread 0x0000024f273a0cd0 nmethod 1045 0x0000024f1a6e0310 code [0x0000024f1a6e0500, 0x0000024f1a6e0ae0]
Event: 1.339 Thread 0x0000024f273a0cd0 1046   !   1       java.util.zip.ZipFile$CleanableResource::releaseInflater (53 bytes)
Event: 1.340 Thread 0x0000024f273a0cd0 nmethod 1046 0x0000024f1a6e0d10 code [0x0000024f1a6e0ee0, 0x0000024f1a6e11b0]
Event: 1.346 Thread 0x0000024f273a0cd0 1048       1       jdk.internal.org.objectweb.asm.Frame::getInputStackSize (6 bytes)
Event: 1.347 Thread 0x0000024f273a0cd0 nmethod 1048 0x0000024f1a6e2910 code [0x0000024f1a6e2aa0, 0x0000024f1a6e2b70]

GC Heap History (0 events):
No events

Dll operation events (2 events):
Event: 0.023 Loaded shared library C:\Program Files\Android\Android Studio\jbr\bin\java.dll
Event: 0.038 Loaded shared library C:\Program Files\Android\Android Studio\jbr\bin\zip.dll

Deoptimization events (0 events):
No events

Classes loaded (20 events):
Event: 1.327 Loading class java/net/InetAddress done
Event: 1.338 Loading class sun/reflect/generics/tree/ByteSignature
Event: 1.338 Loading class sun/reflect/generics/tree/ByteSignature done
Event: 1.341 Loading class java/nio/file/attribute/PosixFilePermission
Event: 1.341 Loading class java/nio/file/attribute/PosixFilePermission done
Event: 1.341 Loading class java/lang/ProcessHandle
Event: 1.342 Loading class java/lang/ProcessHandle done
Event: 1.342 Loading class java/lang/ProcessHandleImpl
Event: 1.342 Loading class java/lang/ProcessHandleImpl done
Event: 1.343 Loading class java/util/concurrent/ThreadLocalRandom
Event: 1.343 Loading class java/util/Random
Event: 1.343 Loading class java/util/random/RandomGenerator
Event: 1.344 Loading class java/util/random/RandomGenerator done
Event: 1.344 Loading class java/util/Random done
Event: 1.344 Loading class java/util/concurrent/ThreadLocalRandom done
Event: 1.345 Loading class jdk/internal/util/random/RandomSupport
Event: 1.345 Loading class jdk/internal/util/random/RandomSupport done
Event: 1.347 Loading class java/util/concurrent/Executors
Event: 1.348 Loading class java/util/concurrent/Executors done
Event: 1.348 Loading class java/util/concurrent/ThreadPoolExecutor

Classes unloaded (0 events):
No events

Classes redefined (0 events):
No events

Internal exceptions (17 events):
Event: 0.647 Thread 0x0000024f14f57f80 Exception <a 'java/lang/NoSuchMethodError'{0x000000008903c158}: 'java.lang.Object java.lang.invoke.Invokers$Holder.linkToTargetMethod(java.lang.Object, long, java.lang.Object, java.lang.Object)'> (0x000000008903c158) 
thrown [s\src\hotspot\share\interpreter\linkResolver.cpp, line 784]
Event: 0.773 Thread 0x0000024f14f57f80 Exception <a 'java/lang/NoSuchMethodError'{0x0000000088eda158}: 'void java.lang.invoke.DirectMethodHandle$Holder.invokeStatic(java.lang.Object, java.lang.Object, java.lang.Object, java.lang.Object)'> (0x0000000088eda158) 
thrown [s\src\hotspot\share\interpreter\linkResolver.cpp, line 784]
Event: 0.831 Thread 0x0000024f14f57f80 Exception <a 'java/lang/NoSuchMethodError'{0x0000000088df9810}: 'int java.lang.invoke.DirectMethodHandle$Holder.invokeStaticInit(java.lang.Object, java.lang.Object)'> (0x0000000088df9810) 
thrown [s\src\hotspot\share\interpreter\linkResolver.cpp, line 784]
Event: 0.840 Thread 0x0000024f14f57f80 Exception <a 'java/lang/NoSuchMethodError'{0x0000000088c26a40}: 'void java.lang.invoke.DirectMethodHandle$Holder.invokeInterface(java.lang.Object, java.lang.Object, java.lang.Object, java.lang.Object)'> (0x0000000088c26a40) 
thrown [s\src\hotspot\share\interpreter\linkResolver.cpp, line 784]
Event: 1.049 Thread 0x0000024f14f57f80 Exception <a 'java/lang/NoSuchMethodError'{0x0000000088bf3578}: 'java.lang.Object java.lang.invoke.DirectMethodHandle$Holder.invokeInterface(java.lang.Object, java.lang.Object)'> (0x0000000088bf3578) 
thrown [s\src\hotspot\share\interpreter\linkResolver.cpp, line 784]
Event: 1.056 Thread 0x0000024f14f57f80 Exception <a 'java/lang/NoSuchMethodError'{0x0000000088a28048}: 'void java.lang.invoke.DirectMethodHandle$Holder.invokeStatic(java.lang.Object, java.lang.Object, java.lang.Object)'> (0x0000000088a28048) 
thrown [s\src\hotspot\share\interpreter\linkResolver.cpp, line 784]
Event: 1.059 Thread 0x0000024f14f57f80 Exception <a 'java/lang/NoSuchMethodError'{0x0000000088a3d010}: 'java.lang.Object java.lang.invoke.DirectMethodHandle$Holder.invokeSpecialIFC(java.lang.Object, java.lang.Object, java.lang.Object, java.lang.Object)'> (0x0000000088a3d010) 
thrown [s\src\hotspot\share\interpreter\linkResolver.cpp, line 784]
Event: 1.063 Thread 0x0000024f14f57f80 Exception <a 'java/lang/NoSuchMethodError'{0x0000000088a56590}: 'java.lang.Object java.lang.invoke.DirectMethodHandle$Holder.invokeInterface(java.lang.Object, java.lang.Object, java.lang.Object)'> (0x0000000088a56590) 
thrown [s\src\hotspot\share\interpreter\linkResolver.cpp, line 784]
Event: 1.087 Thread 0x0000024f14f57f80 Exception <a 'java/lang/NoSuchMethodError'{0x00000000889192c0}: 'int java.lang.invoke.DirectMethodHandle$Holder.invokeStaticInit(java.lang.Object, java.lang.Object, java.lang.Object)'> (0x00000000889192c0) 
thrown [s\src\hotspot\share\interpreter\linkResolver.cpp, line 784]
Event: 1.098 Thread 0x0000024f14f57f80 Exception <a 'java/lang/NoSuchMethodError'{0x00000000889742b8}: 'java.lang.Object java.lang.invoke.DirectMethodHandle$Holder.newInvokeSpecial(java.lang.Object, java.lang.Object, java.lang.Object, java.lang.Object, java.lang.Object)'> (0x00000000889742b8) 
thrown [s\src\hotspot\share\interpreter\linkResolver.cpp, line 784]
Event: 1.107 Thread 0x0000024f14f57f80 Exception <a 'java/lang/NoSuchMethodError'{0x00000000889c5450}: 'java.lang.Object java.lang.invoke.DirectMethodHandle$Holder.invokeStaticInit(java.lang.Object, java.lang.Object, java.lang.Object)'> (0x00000000889c5450) 
thrown [s\src\hotspot\share\interpreter\linkResolver.cpp, line 784]
Event: 1.139 Thread 0x0000024f14f57f80 Exception <a 'java/lang/IncompatibleClassChangeError'{0x000000008884c908}: Found class java.lang.Object, but interface was expected> (0x000000008884c908) 
thrown [s\src\hotspot\share\interpreter\linkResolver.cpp, line 851]
Event: 1.196 Thread 0x0000024f14f57f80 Exception <a 'sun/nio/fs/WindowsException'{0x00000000888e5f08}> (0x00000000888e5f08) 
thrown [s\src\hotspot\share\prims\jni.cpp, line 535]
Event: 1.259 Thread 0x0000024f14f57f80 Exception <a 'java/lang/NoSuchMethodError'{0x0000000088607320}: 'java.lang.Object java.lang.invoke.Invokers$Holder.invokeExact_MT(java.lang.Object, java.lang.Object, java.lang.Object, java.lang.Object, java.lang.Object, java.lang.Object)'> (0x0000000088607320) 
thrown [s\src\hotspot\share\interpreter\linkResolver.cpp, line 784]
Event: 1.346 Thread 0x0000024f14f57f80 Exception <a 'java/lang/NoSuchMethodError'{0x000000008858cd68}: 'java.lang.Object java.lang.invoke.DirectMethodHandle$Holder.invokeStatic(java.lang.Object, long, java.lang.Object)'> (0x000000008858cd68) 
thrown [s\src\hotspot\share\interpreter\linkResolver.cpp, line 784]
Event: 1.346 Thread 0x0000024f14f57f80 Exception <a 'java/lang/NoSuchMethodError'{0x0000000088590150}: 'java.lang.Object java.lang.invoke.DirectMethodHandle$Holder.invokeStaticInit(java.lang.Object, long, java.lang.Object)'> (0x0000000088590150) 
thrown [s\src\hotspot\share\interpreter\linkResolver.cpp, line 784]
Event: 1.347 Thread 0x0000024f14f57f80 Exception <a 'java/lang/NoSuchMethodError'{0x00000000885957c0}: 'java.lang.Object java.lang.invoke.DirectMethodHandle$Holder.newInvokeSpecial(java.lang.Object, long)'> (0x00000000885957c0) 
thrown [s\src\hotspot\share\interpreter\linkResolver.cpp, line 784]

ZGC Phase Switch (0 events):
No events

VM Operations (14 events):
Event: 0.362 Executing VM operation: HandshakeAllThreads (Deoptimize)
Event: 0.362 Executing VM operation: HandshakeAllThreads (Deoptimize) done
Event: 0.464 Executing VM operation: HandshakeAllThreads (Deoptimize)
Event: 0.464 Executing VM operation: HandshakeAllThreads (Deoptimize) done
Event: 0.584 Executing VM operation: HandshakeAllThreads (Deoptimize)
Event: 0.584 Executing VM operation: HandshakeAllThreads (Deoptimize) done
Event: 1.044 Executing VM operation: HandshakeAllThreads (Deoptimize)
Event: 1.044 Executing VM operation: HandshakeAllThreads (Deoptimize) done
Event: 1.198 Executing VM operation: HandshakeAllThreads (Deoptimize)
Event: 1.198 Executing VM operation: HandshakeAllThreads (Deoptimize) done
Event: 1.199 Executing VM operation: Cleanup
Event: 1.199 Executing VM operation: Cleanup done
Event: 1.223 Executing VM operation: HandshakeAllThreads (Deoptimize)
Event: 1.223 Executing VM operation: HandshakeAllThreads (Deoptimize) done

Memory protections (0 events):
No events

Nmethod flushes (0 events):
No events

Events (17 events):
Event: 0.035 Thread 0x0000024f14f57f80 Thread added: 0x0000024f14f57f80
Event: 0.159 Thread 0x0000024f14f57f80 Thread added: 0x0000024f2277a9c0
Event: 0.160 Thread 0x0000024f14f57f80 Thread added: 0x0000024f22785960
Event: 0.162 Thread 0x0000024f14f57f80 Thread added: 0x0000024f2278e870
Event: 0.162 Thread 0x0000024f14f57f80 Thread added: 0x0000024f2279d9f0
Event: 0.162 Thread 0x0000024f14f57f80 Thread added: 0x0000024f22792780
Event: 0.163 Thread 0x0000024f14f57f80 Thread added: 0x0000024f227a3540
Event: 0.163 Thread 0x0000024f14f57f80 Thread added: 0x0000024f227944c0
Event: 0.292 Thread 0x0000024f227944c0 Thread added: 0x0000024f228b06a0
Event: 0.302 Thread 0x0000024f14f57f80 Thread added: 0x0000024f22937ac0
Event: 0.310 Thread 0x0000024f14f57f80 Thread added: 0x0000024f2293e960
Event: 0.337 Loaded shared library C:\Program Files\Android\Android Studio\jbr\bin\net.dll
Event: 0.341 Loaded shared library C:\Program Files\Android\Android Studio\jbr\bin\nio.dll
Event: 0.359 Loaded shared library C:\Program Files\Android\Android Studio\jbr\bin\zip.dll
Event: 0.554 Loaded shared library C:\Program Files\Android\Android Studio\jbr\bin\jimage.dll
Event: 0.680 Thread 0x0000024f228b06a0 Thread added: 0x0000024f27359ca0
Event: 0.682 Thread 0x0000024f228b06a0 Thread added: 0x0000024f273a0cd0


Dynamic libraries:
0x00007ff66e7e0000 - 0x00007ff66e7ea000 	C:\Program Files\Android\Android Studio\jbr\bin\java.exe
0x00007ffee06e0000 - 0x00007ffee0949000 	C:\WINDOWS\SYSTEM32\ntdll.dll
0x00007ffede4b0000 - 0x00007ffede579000 	C:\WINDOWS\System32\KERNEL32.DLL
0x00007ffeddac0000 - 0x00007ffeddeb3000 	C:\WINDOWS\System32\KERNELBASE.dll
0x00007ffede1a0000 - 0x00007ffede2eb000 	C:\WINDOWS\System32\ucrtbase.dll
0x00007ffed6700000 - 0x00007ffed6718000 	C:\Program Files\Android\Android Studio\jbr\bin\jli.dll
0x00007ffed2b20000 - 0x00007ffed2b3b000 	C:\Program Files\Android\Android Studio\jbr\bin\VCRUNTIME140.dll
0x00007ffedece0000 - 0x00007ffedeea4000 	C:\WINDOWS\System32\USER32.dll
0x00007ffedd9e0000 - 0x00007ffedda07000 	C:\WINDOWS\System32\win32u.dll
0x00007ffede580000 - 0x00007ffede5ab000 	C:\WINDOWS\System32\GDI32.dll
0x00007ffede2f0000 - 0x00007ffede41d000 	C:\WINDOWS\System32\gdi32full.dll
0x00007ffec3df0000 - 0x00007ffec4083000 	C:\WINDOWS\WinSxS\amd64_microsoft.windows.common-controls_6595b64144ccf1df_6.0.26100.5074_none_3e0d6f78e32fd63f\COMCTL32.dll
0x00007ffedda10000 - 0x00007ffeddab3000 	C:\WINDOWS\System32\msvcp_win.dll
0x00007ffedfb40000 - 0x00007ffedfbe9000 	C:\WINDOWS\System32\msvcrt.dll
0x00007ffee0660000 - 0x00007ffee068f000 	C:\WINDOWS\System32\IMM32.DLL
0x00007ffed3c20000 - 0x00007ffed3c2c000 	C:\Program Files\Android\Android Studio\jbr\bin\vcruntime140_1.dll
0x00007ffeacb50000 - 0x00007ffeacbdd000 	C:\Program Files\Android\Android Studio\jbr\bin\msvcp140.dll
0x00007ffe63250000 - 0x00007ffe63eda000 	C:\Program Files\Android\Android Studio\jbr\bin\server\jvm.dll
0x00007ffee03a0000 - 0x00007ffee0454000 	C:\WINDOWS\System32\ADVAPI32.dll
0x00007ffedf8f0000 - 0x00007ffedf996000 	C:\WINDOWS\System32\sechost.dll
0x00007ffede5b0000 - 0x00007ffede6c8000 	C:\WINDOWS\System32\RPCRT4.dll
0x00007ffede780000 - 0x00007ffede7f4000 	C:\WINDOWS\System32\WS2_32.dll
0x00007ffedd6f0000 - 0x00007ffedd74e000 	C:\WINDOWS\SYSTEM32\POWRPROF.dll
0x00007ffec40c0000 - 0x00007ffec40f5000 	C:\WINDOWS\SYSTEM32\WINMM.dll
0x00007ffed12a0000 - 0x00007ffed12ab000 	C:\WINDOWS\SYSTEM32\VERSION.dll
0x00007ffedd6d0000 - 0x00007ffedd6e4000 	C:\WINDOWS\SYSTEM32\UMPDC.dll
0x00007ffedc650000 - 0x00007ffedc66b000 	C:\WINDOWS\SYSTEM32\kernel.appcore.dll
0x00007ffed2620000 - 0x00007ffed262a000 	C:\Program Files\Android\Android Studio\jbr\bin\jimage.dll
0x00007ffed8010000 - 0x00007ffed8252000 	C:\WINDOWS\SYSTEM32\DBGHELP.DLL
0x00007ffede960000 - 0x00007ffedecdb000 	C:\WINDOWS\System32\combase.dll
0x00007ffedfe30000 - 0x00007ffedff07000 	C:\WINDOWS\System32\OLEAUT32.dll
0x00007ffec4690000 - 0x00007ffec46cd000 	C:\WINDOWS\SYSTEM32\dbgcore.DLL
0x00007ffeddec0000 - 0x00007ffeddf59000 	C:\WINDOWS\System32\bcryptPrimitives.dll
0x00007ffed2570000 - 0x00007ffed2590000 	C:\Program Files\Android\Android Studio\jbr\bin\java.dll
0x00007ffeca410000 - 0x00007ffeca428000 	C:\Program Files\Android\Android Studio\jbr\bin\zip.dll
0x00007ffedf130000 - 0x00007ffedf87d000 	C:\WINDOWS\System32\SHELL32.dll
0x00007ffedd870000 - 0x00007ffedd9dc000 	C:\WINDOWS\System32\wintypes.dll
0x00007ffedb510000 - 0x00007ffedbd69000 	C:\WINDOWS\SYSTEM32\windows.storage.dll
0x00007ffedfd30000 - 0x00007ffedfe20000 	C:\WINDOWS\System32\SHCORE.dll
0x00007ffedf880000 - 0x00007ffedf8e2000 	C:\WINDOWS\System32\shlwapi.dll
0x00007ffedd790000 - 0x00007ffedd7b9000 	C:\WINDOWS\SYSTEM32\profapi.dll
0x00007ffed2610000 - 0x00007ffed2620000 	C:\Program Files\Android\Android Studio\jbr\bin\net.dll
0x00007ffed0cf0000 - 0x00007ffed0e0f000 	C:\WINDOWS\SYSTEM32\WINHTTP.dll
0x00007ffedcbd0000 - 0x00007ffedcc3b000 	C:\WINDOWS\system32\mswsock.dll
0x00007ffec9b50000 - 0x00007ffec9b66000 	C:\Program Files\Android\Android Studio\jbr\bin\nio.dll

dbghelp: loaded successfully - version: 4.0.5 - missing functions: none
symbol engine: initialized successfully - sym options: 0x614 - pdb path: .;C:\Program Files\Android\Android Studio\jbr\bin;C:\WINDOWS\SYSTEM32;C:\WINDOWS\WinSxS\amd64_microsoft.windows.common-controls_6595b64144ccf1df_6.0.26100.5074_none_3e0d6f78e32fd63f;C:\Program Files\Android\Android Studio\jbr\bin\server

VM Arguments:
jvm_args: -XX:TieredStopAtLevel=1 
java_command: pe.edu.upeu.bges.BgesApplication
java_class_path (initial): D:\Disco D\UPeU\Semestre 7\Ingeniería de Software II\Gestion-de-Escuela-Sabatica\BGES\target\classes;C:\Users\HP\.m2\repository\org\springframework\boot\spring-boot\3.5.5\spring-boot-3.5.5.jar;C:\Users\HP\.m2\repository\org\springframework\boot\spring-boot-autoconfigure\3.5.5\spring-boot-autoconfigure-3.5.5.jar;C:\Users\HP\.m2\repository\ch\qos\logback\logback-classic\1.5.18\logback-classic-1.5.18.jar;C:\Users\HP\.m2\repository\ch\qos\logback\logback-core\1.5.18\logback-core-1.5.18.jar;C:\Users\HP\.m2\repository\org\apache\logging\log4j\log4j-to-slf4j\2.24.3\log4j-to-slf4j-2.24.3.jar;C:\Users\HP\.m2\repository\org\apache\logging\log4j\log4j-api\2.24.3\log4j-api-2.24.3.jar;C:\Users\HP\.m2\repository\org\slf4j\jul-to-slf4j\2.0.17\jul-to-slf4j-2.0.17.jar;C:\Users\HP\.m2\repository\jakarta\annotation\jakarta.annotation-api\2.1.1\jakarta.annotation-api-2.1.1.jar;C:\Users\HP\.m2\repository\org\yaml\snakeyaml\2.4\snakeyaml-2.4.jar;C:\Users\HP\.m2\repository\com\zaxxer\HikariCP\6.3.2\HikariCP-6.3.2.jar;C:\Users\HP\.m2\repository\org\springframework\spring-jdbc\6.2.10\spring-jdbc-6.2.10.jar;C:\Users\HP\.m2\repository\org\hibernate\orm\hibernate-core\6.6.26.Final\hibernate-core-6.6.26.Final.jar;C:\Users\HP\.m2\repository\jakarta\persistence\jakarta.persistence-api\3.1.0\jakarta.persistence-api-3.1.0.jar;C:\Users\HP\.m2\repository\jakarta\transaction\jakarta.transaction-api\2.0.1\jakarta.transaction-api-2.0.1.jar;C:\Users\HP\.m2\repository\org\jboss\logging\jboss-logging\3.6.1.Final\jboss-logging-3.6.1.Final.jar;C:\Users\HP\.m2\repository\org\hibernate\common\hibernate-commons-annotations\7.0.3.Final\hibernate-commons-annotations-7.0.3.Final.jar;C:\Users\HP\.m2\repository\io\smallrye\jandex\3.2.0\jandex-3.2.0.jar;C:\Users\HP\.m2\repository\com\fasterxml\classmate\1.7.0\classmate-1.7.0.jar;C:\Users\HP\.m2\repository\net\bytebuddy\byte-buddy\1.17.7\byte-buddy-1.17.7.jar;C:\Users\HP\.m2\repository\org\glassfish\jaxb\jaxb-runtime\4.0.5\jaxb-runtime-4.0.5.jar;C:\Users\HP\.m2\repository\org\glassfish\jaxb\jaxb-core\4.0.5\jaxb-core-4.0.5.jar;C:\Users\HP\.m2\repository\org\eclipse\angus\angus-activation\2.0.2\angus-activation-2.0.2.jar;C:\Users\HP\.m2\repository\org\glassfish\jaxb\txw2\4.0.5\txw2-4.0.5.jar;C:\Users\HP\.m2\repository\com\sun\istack\istack-commons-runtime\4.1.2\istack-commons-runtime-4.1.2.jar;C:\Users\HP\.m2\repository\jakarta\inject\jakarta.inject-api\2.0.1\jakarta.inject-api-2.0.1.jar;C:\Users\HP\.m2\repository\org\antlr\antlr4-runtime\4.13.0\antlr4-runtime-4.13.0.jar;C:\Users\HP\.m2\repository\org\springframework\data\spring-data-jpa\3.5.3\spring-data-jpa-3.5.3.jar;C:\Users\HP\.m2\repository\org\springframework\data\spring-data-commons\3.5.3\spring-data-commons-3.5.3.jar;C:\Users\HP\.m2\repository\org\springframework\spring-orm\6.2.10\spring-orm-6.2.10.jar;C:\Users\HP\.m2\repository\org\springframework\spring-context\6.2.10\spring-context-6.2.10.jar;C:\Users\HP\.m2\repository\org\springframework\spring-tx\6.2.10\spring-tx-6.2.10.jar;C:\Users\HP\.m2\repository\org\springframework\spring-beans\6.2.10\spring-beans-6.2.10.jar;C:\Users\HP\.m2\repository\org\slf4j\slf4j-api\2.0.17\slf4j-api-2.0.17.jar;C:\Users\HP\.m2\repository\org\springframework\spring-aspects\6.2.10\spring-aspects-6.2.10.jar;C:\Users\HP\.m2\repository\org\aspectj\aspectjweaver\1.9.24\aspectjweaver-1.9.24.jar;C:\Users\HP\.m2\repository\com\fasterxml\jackson\core\jackson-databind\2.19.2\jackson-databind-2.19.2.jar;C:\Users\HP\.m2\repository\com\fasterxml\jackson\core\jackson-annotations\2.19.2\jackson-annotations-2.19.2.jar;C:\Users\HP\.m2\repository\com\fasterxml\jackson\core\jackson-core\2.19.2\jackson-core-2.19.2.jar;C:\Users\HP\.m2\repository\com\fasterxml\jackson\datatype\jackson-datatype-jdk8\2.19.2\jackson-datatype-jdk8-2.19.2.jar;C:\Users\HP\.m2\repository\com\fasterxml\jackson\datatype\jackson-datatype-jsr310\2.19.2\jackson-datatype-jsr310-2.19.2.jar;C:\Users\HP\.m2\repository\com\fasterxml\jackson\module\jackson-module-parameter-names\2.19.2\jackson-module-parameter-names-2.19.2.jar;C:\Users\HP\.m2\repository\org\apache\tomcat\embed\tomcat-embed-core\10.1.44\tomcat-embed-core-10.1.44.jar;C:\Users\HP\.m2\repository\org\apache\tomcat\embed\tomcat-embed-el\10.1.44\tomcat-embed-el-10.1.44.jar;C:\Users\HP\.m2\repository\org\apache\tomcat\embed\tomcat-embed-websocket\10.1.44\tomcat-embed-websocket-10.1.44.jar;C:\Users\HP\.m2\repository\org\springframework\spring-web\6.2.10\spring-web-6.2.10.jar;C:\Users\HP\.m2\repository\io\micrometer\micrometer-observation\1.15.3\micrometer-observation-1.15.3.jar;C:\Users\HP\.m2\repository\io\micrometer\micrometer-commons\1.15.3\micrometer-commons-1.15.3.jar;C:\Users\HP\.m2\repository\org\springframework\spring-webmvc\6.2.10\spring-webmvc-6.2.10.jar;C:\Users\HP\.m2\repository\org\springframework\spring-expression\6.2.10\spring-expression-6.2.10.jar;C:\Users\HP\.m2\repository\com\mysql\mysql-connector-j\9.4.0\mysql-connector-j-9.4.0.jar;C:\Users\HP\.m2\repository\jakarta\xml\bind\jakarta.xml.bind-api\4.0.2\jakarta.xml.bind-api-4.0.2.jar;C:\Users\HP\.m2\repository\jakarta\activation\jakarta.activation-api\2.1.3\jakarta.activation-api-2.1.3.jar;C:\Users\HP\.m2\repository\org\springframework\spring-core\6.2.10\spring-core-6.2.10.jar;C:\Users\HP\.m2\repository\org\springframework\spring-jcl\6.2.10\spring-jcl-6.2.10.jar;C:\Users\HP\.m2\repository\org\springdoc\springdoc-openapi-starter-webmvc-ui\2.5.0\springdoc-openapi-starter-webmvc-ui-2.5.0.jar;C:\Users\HP\.m2\repository\org\springdoc\springdoc-openapi-starter-webmvc-api\2.5.0\springdoc-openapi-starter-webmvc-api-2.5.0.jar;C:\Users\HP\.m2\repository\org\springdoc\springdoc-openapi-starter-common\2.5.0\springdoc-openapi-starter-common-2.5.0.jar;C:\Users\HP\.m2\repository\io\swagger\core\v3\swagger-core-jakarta\2.2.21\swagger-core-jakarta-2.2.21.jar;C:\Users\HP\.m2\repository\io\swagger\core\v3\swagger-annotations-jakarta\2.2.21\swagger-annotations-jakarta-2.2.21.jar;C:\Users\HP\.m2\repository\io\swagger\core\v3\swagger-models-jakarta\2.2.21\swagger-models-jakarta-2.2.21.jar;C:\Users\HP\.m2\repository\jakarta\validation\jakarta.validation-api\3.0.2\jakarta.validation-api-3.0.2.jar;C:\Users\HP\.m2\repository\com\fasterxml\jackson\dataformat\jackson-dataformat-yaml\2.19.2\jackson-dataformat-yaml-2.19.2.jar;C:\Users\HP\.m2\repository\org\webjars\swagger-ui\5.13.0\swagger-ui-5.13.0.jar;C:\Users\HP\.m2\repository\org\springframework\spring-aop\6.2.10\spring-aop-6.2.10.jar;C:\Users\HP\.m2\repository\org\springframework\security\spring-security-config\6.5.3\spring-security-config-6.5.3.jar;C:\Users\HP\.m2\repository\org\springframework\security\spring-security-core\6.5.3\spring-security-core-6.5.3.jar;C:\Users\HP\.m2\repository\org\springframework\security\spring-security-crypto\6.5.3\spring-security-crypto-6.5.3.jar;C:\Users\HP\.m2\repository\org\springframework\security\spring-security-web\6.5.3\spring-security-web-6.5.3.jar;C:\Users\HP\.m2\repository\com\cloudinary\cloudinary-http44\1.39.0\cloudinary-http44-1.39.0.jar;C:\Users\HP\.m2\repository\com\cloudinary\cloudinary-core\1.39.0\cloudinary-core-1.39.0.jar;C:\Users\HP\.m2\repository\org\apache\commons\commons-lang3\3.17.0\commons-lang3-3.17.0.jar;C:\Users\HP\.m2\repository\org\apache\httpcomponents\httpclient\4.4\httpclient-4.4.jar;C:\Users\HP\.m2\repository\org\apache\httpcomponents\httpcore\4.4.16\httpcore-4.4.16.jar;C:\Users\HP\.m2\repository\commons-logging\commons-logging\1.2\commons-logging-1.2.jar;C:\Users\HP\.m2\repository\commons-codec\commons-codec\1.18.0\commons-codec-1.18.0.jar;C:\Users\HP\.m2\repository\org\apache\httpcomponents\httpmime\4.4\httpmime-4.4.jar
Launcher Type: SUN_STANDARD

[Global flags]
     intx CICompilerCount                          = 4                                         {product} {ergonomic}
     uint ConcGCThreads                            = 2                                         {product} {ergonomic}
     uint G1ConcRefinementThreads                  = 8                                         {product} {ergonomic}
   size_t G1HeapRegionSize                         = 1048576                                   {product} {ergonomic}
    uintx GCDrainStackTargetSize                   = 64                                        {product} {ergonomic}
   size_t InitialHeapSize                          = 134217728                                 {product} {ergonomic}
   size_t MarkStackSize                            = 4194304                                   {product} {ergonomic}
   size_t MaxHeapSize                              = 2120220672                                {product} {ergonomic}
   size_t MaxNewSize                               = 1271922688                                {product} {ergonomic}
   size_t MinHeapDeltaBytes                        = 1048576                                   {product} {ergonomic}
   size_t MinHeapSize                              = 8388608                                   {product} {ergonomic}
    uintx NonNMethodCodeHeapSize                   = 4096                                   {pd product} {ergonomic}
    uintx NonProfiledCodeHeapSize                  = 0                                      {pd product} {ergonomic}
     bool ProfileInterpreter                       = false                                  {pd product} {command line}
    uintx ProfiledCodeHeapSize                     = 0                                      {pd product} {ergonomic}
   size_t SoftMaxHeapSize                          = 2120220672                             {manageable} {ergonomic}
     intx TieredStopAtLevel                        = 1                                         {product} {command line}
     bool UseCompressedOops                        = true                           {product lp64_product} {ergonomic}
     bool UseG1GC                                  = true                                      {product} {ergonomic}
     bool UseLargePagesIndividualAllocation        = false                                  {pd product} {ergonomic}

Logging:
Log output configuration:
 #0: stdout all=warning uptime,level,tags foldmultilines=false
 #1: stderr all=off uptime,level,tags foldmultilines=false

Environment Variables:
JAVA_HOME=C:\Program Files\Android\Android Studio\jbr
PATH=c:\Users\HP\AppData\Local\Programs\cursor\resources\app\bin;C:\Program Files (x86)\Google\Chrome\Application;C:\WINDOWS\system32;C:\WINDOWS;C:\WINDOWS\System32\Wbem;C:\WINDOWS\System32\WindowsPowerShell\v1.0\;C:\WINDOWS\System32\OpenSSH\;C:\Program Files\Git\cmd;C:\Program Files\Android\Android Studio\jbr\bin;E:\Programs\apache-maven-3.9.6\bin;E:\Programs\apache-maven-3.9.6\bin;E:\Programs\flutter\bin;C:\Users\HP\AppData\Local\Android\Sdk\platform-tools;C:\Users\HP\AppData\Local\Android\Sdk\emulator;C:\Users\HP\AppData\Local\Microsoft\WindowsApps;;C:\Program Files\JetBrains\IntelliJ IDEA 2025.1\bin;;c:\Users\HP\AppData\Local\Programs\cursor\resources\app\bin;E:\Programs\JRE\bin;C:\Users\HP\AppData\Local\Microsoft\WindowsApps;;C:\Users\HP\AppData\Local\Programs\Microsoft VS Code\bin;C:\Program Files\JetBrains\IntelliJ IDEA 2025.1\bin;
USERNAME=HP
OS=Windows_NT
PROCESSOR_IDENTIFIER=Intel64 Family 6 Model 142 Stepping 10, GenuineIntel
TMP=C:\Users\HP\AppData\Local\Temp
TEMP=C:\Users\HP\AppData\Local\Temp




Periodic native trim disabled

JNI global refs:
JNI global refs: 8, weak refs: 0

JNI global refs memory usage: 835, weak refs: 833

Process memory usage:
Resident Set Size: 72896K (0% of 8277208K total physical memory with 1108508K free physical memory)

OOME stack traces (most recent first):
Classloader memory used:
Loader bootstrap                                                                       : 10073K
Loader jdk.internal.loader.ClassLoaders$AppClassLoader                                 : 3000K

---------------  S Y S T E M  ---------------

OS:
 Windows 11 , 64 bit Build 26100 (10.0.26100.5074)
OS uptime: 0 days 20:54 hours

CPU: total 8 (initial active 8) (4 cores per cpu, 2 threads per core) family 6 model 142 stepping 10 microcode 0xf0, cx8, cmov, fxsr, ht, mmx, 3dnowpref, sse, sse2, sse3, ssse3, sse4.1, sse4.2, popcnt, lzcnt, tsc, tscinvbit, avx, avx2, aes, erms, clmul, bmi1, bmi2, adx, fma, vzeroupper, clflush, clflushopt, rdtscp, f16c
Processor Information for all 8 processors :
  Max Mhz: 1800, Current Mhz: 1600, Mhz Limit: 1584

Memory: 4k page, system-wide physical 8083M (1082M free)
TotalPageFile size 14862M (AvailPageFile size 0M)
current process WorkingSet (physical memory assigned to process): 71M, peak: 71M
current process commit charge ("private bytes"): 217M, peak: 218M

vm_info: OpenJDK 64-Bit Server VM (21.0.5+-13047016-b750.29) for windows-amd64 JRE (21.0.5+-13047016-b750.29), built on 2025-02-11T21:12:39Z by "builder" with MS VC++ 16.10 / 16.11 (VS2019)

END.
