#
# There is insufficient memory for the Java Runtime Environment to continue.
# Native memory allocation (mmap) failed to map 134217728 bytes. Error detail: G1 virtual space
# Possible reasons:
#   The system is out of physical RAM or swap space
#   This process is running with CompressedOops enabled, and the Java Heap may be blocking the growth of the native heap
# Possible solutions:
#   Reduce memory load on the system
#   Increase physical memory or swap space
#   Check if swap backing store is full
#   Decrease Java heap size (-Xmx/-Xms)
#   Decrease number of Java threads
#   Decrease Java thread stack sizes (-Xss)
#   Set larger code cache with -XX:ReservedCodeCacheSize=
#   JVM is running with Unscaled Compressed Oops mode in which the Java heap is
#     placed in the first 4GB address space. The Java Heap base address is the
#     maximum limit for the native heap growth. Please use -XX:HeapBaseMinAddress
#     to set the Java Heap base and to place the Java Heap above 4GB virtual address.
# This output file may be truncated or incomplete.
#
#  Out of Memory Error (os_windows.cpp:3828), pid=9980, tid=19056
#
# JRE version:  (21.0.5) (build )
# Java VM: OpenJDK 64-Bit Server VM (21.0.5+-13047016-b750.29, mixed mode, sharing, tiered, compressed oops, compressed class ptrs, g1 gc, windows-amd64)
# No core dump will be written. Minidumps are not enabled by default on client versions of Windows
#

---------------  S U M M A R Y ------------

Command Line: C:\Users\HP\AppData\Local\Temp\surefire541918001141360156\surefirebooter-20250914060025908_3.jar C:\Users\HP\AppData\Local\Temp\surefire541918001141360156 2025-09-14T06-00-24_956-jvmRun1 surefire-20250914060025908_1tmp surefire_0-20250914060025908_2tmp

Host: Intel(R) Core(TM) i5-8250U CPU @ 1.60GHz, 8 cores, 7G,  Windows 11 , 64 bit Build 26100 (10.0.26100.5074)
Time: Sun Sep 14 06:00:26 2025 Hora est. Pacífico, Sudamérica elapsed time: 0.020249 seconds (0d 0h 0m 0s)

---------------  T H R E A D  ---------------

Current thread (0x000001ee3a920eb0):  JavaThread "Unknown thread" [_thread_in_vm, id=19056, stack(0x0000009f28e00000,0x0000009f28f00000) (1024K)]

Stack: [0x0000009f28e00000,0x0000009f28f00000]
Native frames: (J=compiled Java code, j=interpreted, Vv=VM code, C=native code)
V  [jvm.dll+0x6cfb29]
V  [jvm.dll+0x85df93]
V  [jvm.dll+0x8604ee]
V  [jvm.dll+0x860bd3]
V  [jvm.dll+0x27e6b6]
V  [jvm.dll+0x6cc385]
V  [jvm.dll+0x6c078a]
V  [jvm.dll+0x35525b]
V  [jvm.dll+0x35ceb6]
V  [jvm.dll+0x3aedd6]
V  [jvm.dll+0x3af0a8]
V  [jvm.dll+0x32792c]
V  [jvm.dll+0x32861b]
V  [jvm.dll+0x8259d9]
V  [jvm.dll+0x3bbfa8]
V  [jvm.dll+0x80ec88]
V  [jvm.dll+0x45015e]
V  [jvm.dll+0x4518c1]
C  [jli.dll+0x52ab]
C  [ucrtbase.dll+0x37b0]
C  [KERNEL32.DLL+0x2e8d7]
C  [ntdll.dll+0x8d9c]


---------------  P R O C E S S  ---------------

Threads class SMR info:
_java_thread_list=0x00007ffe63d90808, length=0, elements={
}

Java Threads: ( => current thread )
Total: 0

Other Threads:
  0x000001ee3addcbc0 WorkerThread "GC Thread#0"                     [id=16220, stack(0x0000009f28f00000,0x0000009f29000000) (1024K)]
  0x000001ee3adef870 ConcurrentGCThread "G1 Main Marker"            [id=14400, stack(0x0000009f29000000,0x0000009f29100000) (1024K)]
  0x000001ee3adf0df0 WorkerThread "G1 Conc#0"                       [id=8664, stack(0x0000009f29100000,0x0000009f29200000) (1024K)]

[error occurred during error reporting (printing all threads), id 0xc0000005, EXCEPTION_ACCESS_VIOLATION (0xc0000005) at pc=0x00007ffe6358a967]
VM state: not at safepoint (not fully initialized)

VM Mutex/Monitor currently owned by a thread:  ([mutex/lock_event])
[0x00007ffe63dfd460] Heap_lock - owner thread: 0x000001ee3a920eb0

Heap address: 0x0000000081a00000, size: 2022 MB, Compressed Oops mode: 32-bit

CDS archive(s) mapped at: [0x0000000000000000-0x0000000000000000-0x0000000000000000), size 0, SharedBaseAddress: 0x0000000800000000, ArchiveRelocationMode: 1.
Narrow klass base: 0x0000000000000000, Narrow klass shift: 0, Narrow klass range: 0x0

GC Precious Log:
 CardTable entry size: 512
 Card Set container configuration: InlinePtr #cards 5 size 8 Array Of Cards #cards 12 size 40 Howl #buckets 4 coarsen threshold 1843 Howl Bitmap #cards 512 size 80 coarsen threshold 460 Card regions per heap region 1 cards per card region 2048

Heap:
 garbage-first heap   total 0K, used 0K [0x0000000081a00000, 0x0000000100000000)
  region size 1024K, 0 young (0K), 0 survivors (0K)
 Metaspace       used 0K, committed 0K, reserved 0K
  class space    used 0K, committed 0K, reserved 0K

Heap Regions: E=young(eden), S=young(survivor), O=old, HS=humongous(starts), HC=humongous(continues), CS=collection set, F=free, TAMS=top-at-mark-start, PB=parsable bottom

Card table byte_map: [0x000001ee4f330000,0x000001ee4f730000] _byte_map_base: 0x000001ee4ef23000

Marking Bits: (CMBitMap*) 0x000001ee3adde9f0
 Bits: [0x000001ee4f730000, 0x000001ee516c8000)

GC Heap History (0 events):
No events

Dll operation events (1 events):
Event: 0.012 Loaded shared library C:\Program Files\Android\Android Studio\jbr\bin\java.dll

Deoptimization events (0 events):
No events

Classes loaded (0 events):
No events

Classes unloaded (0 events):
No events

Classes redefined (0 events):
No events

Internal exceptions (0 events):
No events

ZGC Phase Switch (0 events):
No events

VM Operations (0 events):
No events

Memory protections (0 events):
No events

Nmethod flushes (0 events):
No events

Events (0 events):
No events


Dynamic libraries:
0x00007ff66e7e0000 - 0x00007ff66e7ea000 	C:\Program Files\Android\Android Studio\jbr\bin\java.exe
0x00007ffee06e0000 - 0x00007ffee0949000 	C:\WINDOWS\SYSTEM32\ntdll.dll
0x00007ffede4b0000 - 0x00007ffede579000 	C:\WINDOWS\System32\KERNEL32.DLL
0x00007ffeddac0000 - 0x00007ffeddeb3000 	C:\WINDOWS\System32\KERNELBASE.dll
0x00007ffede1a0000 - 0x00007ffede2eb000 	C:\WINDOWS\System32\ucrtbase.dll
0x00007ffed6700000 - 0x00007ffed6718000 	C:\Program Files\Android\Android Studio\jbr\bin\jli.dll
0x00007ffed2b20000 - 0x00007ffed2b3b000 	C:\Program Files\Android\Android Studio\jbr\bin\VCRUNTIME140.dll
0x00007ffedece0000 - 0x00007ffedeea4000 	C:\WINDOWS\System32\USER32.dll
0x00007ffec3df0000 - 0x00007ffec4083000 	C:\WINDOWS\WinSxS\amd64_microsoft.windows.common-controls_6595b64144ccf1df_6.0.26100.5074_none_3e0d6f78e32fd63f\COMCTL32.dll
0x00007ffedd9e0000 - 0x00007ffedda07000 	C:\WINDOWS\System32\win32u.dll
0x00007ffedfb40000 - 0x00007ffedfbe9000 	C:\WINDOWS\System32\msvcrt.dll
0x00007ffede580000 - 0x00007ffede5ab000 	C:\WINDOWS\System32\GDI32.dll
0x00007ffede2f0000 - 0x00007ffede41d000 	C:\WINDOWS\System32\gdi32full.dll
0x00007ffedda10000 - 0x00007ffeddab3000 	C:\WINDOWS\System32\msvcp_win.dll
0x00007ffee0660000 - 0x00007ffee068f000 	C:\WINDOWS\System32\IMM32.DLL
0x00007ffed3c20000 - 0x00007ffed3c2c000 	C:\Program Files\Android\Android Studio\jbr\bin\vcruntime140_1.dll
0x00007ffeacb50000 - 0x00007ffeacbdd000 	C:\Program Files\Android\Android Studio\jbr\bin\msvcp140.dll
0x00007ffe63250000 - 0x00007ffe63eda000 	C:\Program Files\Android\Android Studio\jbr\bin\server\jvm.dll
0x00007ffee03a0000 - 0x00007ffee0454000 	C:\WINDOWS\System32\ADVAPI32.dll
0x00007ffedf8f0000 - 0x00007ffedf996000 	C:\WINDOWS\System32\sechost.dll
0x00007ffede5b0000 - 0x00007ffede6c8000 	C:\WINDOWS\System32\RPCRT4.dll
0x00007ffede780000 - 0x00007ffede7f4000 	C:\WINDOWS\System32\WS2_32.dll
0x00007ffedd6f0000 - 0x00007ffedd74e000 	C:\WINDOWS\SYSTEM32\POWRPROF.dll
0x00007ffec40c0000 - 0x00007ffec40f5000 	C:\WINDOWS\SYSTEM32\WINMM.dll
0x00007ffed12a0000 - 0x00007ffed12ab000 	C:\WINDOWS\SYSTEM32\VERSION.dll
0x00007ffedd6d0000 - 0x00007ffedd6e4000 	C:\WINDOWS\SYSTEM32\UMPDC.dll
0x00007ffedc650000 - 0x00007ffedc66b000 	C:\WINDOWS\SYSTEM32\kernel.appcore.dll
0x00007ffed2620000 - 0x00007ffed262a000 	C:\Program Files\Android\Android Studio\jbr\bin\jimage.dll
0x00007ffed8010000 - 0x00007ffed8252000 	C:\WINDOWS\SYSTEM32\DBGHELP.DLL
0x00007ffede960000 - 0x00007ffedecdb000 	C:\WINDOWS\System32\combase.dll
0x00007ffedfe30000 - 0x00007ffedff07000 	C:\WINDOWS\System32\OLEAUT32.dll
0x00007ffec4690000 - 0x00007ffec46cd000 	C:\WINDOWS\SYSTEM32\dbgcore.DLL
0x00007ffeddec0000 - 0x00007ffeddf59000 	C:\WINDOWS\System32\bcryptPrimitives.dll
0x00007ffed2570000 - 0x00007ffed2590000 	C:\Program Files\Android\Android Studio\jbr\bin\java.dll

dbghelp: loaded successfully - version: 4.0.5 - missing functions: none
symbol engine: initialized successfully - sym options: 0x614 - pdb path: .;C:\Program Files\Android\Android Studio\jbr\bin;C:\WINDOWS\SYSTEM32;C:\WINDOWS\WinSxS\amd64_microsoft.windows.common-controls_6595b64144ccf1df_6.0.26100.5074_none_3e0d6f78e32fd63f;C:\Program Files\Android\Android Studio\jbr\bin\server

VM Arguments:
java_command: C:\Users\HP\AppData\Local\Temp\surefire541918001141360156\surefirebooter-20250914060025908_3.jar C:\Users\HP\AppData\Local\Temp\surefire541918001141360156 2025-09-14T06-00-24_956-jvmRun1 surefire-20250914060025908_1tmp surefire_0-20250914060025908_2tmp
java_class_path (initial): C:\Users\HP\AppData\Local\Temp\surefire541918001141360156\surefirebooter-20250914060025908_3.jar
Launcher Type: SUN_STANDARD

[Global flags]
     intx CICompilerCount                          = 4                                         {product} {ergonomic}
     uint ConcGCThreads                            = 2                                         {product} {ergonomic}
     uint G1ConcRefinementThreads                  = 8                                         {product} {ergonomic}
   size_t G1HeapRegionSize                         = 1048576                                   {product} {ergonomic}
    uintx GCDrainStackTargetSize                   = 64                                        {product} {ergonomic}
   size_t InitialHeapSize                          = 134217728                                 {product} {ergonomic}
   size_t MarkStackSize                            = 4194304                                   {product} {ergonomic}
   size_t MaxHeapSize                              = 2120220672                                {product} {ergonomic}
   size_t MinHeapDeltaBytes                        = 1048576                                   {product} {ergonomic}
   size_t MinHeapSize                              = 8388608                                   {product} {ergonomic}
    uintx NonNMethodCodeHeapSize                   = 5839372                                {pd product} {ergonomic}
    uintx NonProfiledCodeHeapSize                  = 122909434                              {pd product} {ergonomic}
    uintx ProfiledCodeHeapSize                     = 122909434                              {pd product} {ergonomic}
    uintx ReservedCodeCacheSize                    = 251658240                              {pd product} {ergonomic}
     bool SegmentedCodeCache                       = true                                      {product} {ergonomic}
   size_t SoftMaxHeapSize                          = 2120220672                             {manageable} {ergonomic}
     bool UseCompressedOops                        = true                           {product lp64_product} {ergonomic}
     bool UseG1GC                                  = true                                      {product} {ergonomic}
     bool UseLargePagesIndividualAllocation        = false                                  {pd product} {ergonomic}

Logging:
Log output configuration:
 #0: stdout all=warning uptime,level,tags foldmultilines=false
 #1: stderr all=off uptime,level,tags foldmultilines=false

Environment Variables:
JAVA_HOME=C:\Program Files\Android\Android Studio\jbr
PATH=c:\Users\HP\AppData\Local\Programs\cursor\resources\app\bin;C:\Program Files (x86)\Google\Chrome\Application;C:\WINDOWS\system32;C:\WINDOWS;C:\WINDOWS\System32\Wbem;C:\WINDOWS\System32\WindowsPowerShell\v1.0\;C:\WINDOWS\System32\OpenSSH\;C:\Program Files\Git\cmd;C:\Program Files\Android\Android Studio\jbr\bin;E:\Programs\apache-maven-3.9.6\bin;E:\Programs\apache-maven-3.9.6\bin;E:\Programs\flutter\bin;C:\Users\HP\AppData\Local\Android\Sdk\platform-tools;C:\Users\HP\AppData\Local\Android\Sdk\emulator;C:\Users\HP\AppData\Local\Microsoft\WindowsApps;;C:\Program Files\JetBrains\IntelliJ IDEA 2025.1\bin;;c:\Users\HP\AppData\Local\Programs\cursor\resources\app\bin;E:\Programs\JRE\bin;C:\Users\HP\AppData\Local\Microsoft\WindowsApps;;C:\Users\HP\AppData\Local\Programs\Microsoft VS Code\bin;C:\Program Files\JetBrains\IntelliJ IDEA 2025.1\bin;
USERNAME=HP
OS=Windows_NT
PROCESSOR_IDENTIFIER=Intel64 Family 6 Model 142 Stepping 10, GenuineIntel
TMP=C:\Users\HP\AppData\Local\Temp
TEMP=C:\Users\HP\AppData\Local\Temp




Periodic native trim disabled

JNI global refs:
JNI global refs: 0, weak refs: 0

JNI global refs memory usage: 0, weak refs: 0

Process memory usage:
Resident Set Size: 12768K (0% of 8277208K total physical memory with 696808K free physical memory)

OOME stack traces (most recent first):
Classloader memory used:

---------------  S Y S T E M  ---------------

OS:
 Windows 11 , 64 bit Build 26100 (10.0.26100.5074)
OS uptime: 0 days 21:14 hours

CPU: total 8 (initial active 8) (4 cores per cpu, 2 threads per core) family 6 model 142 stepping 10 microcode 0xf0, cx8, cmov, fxsr, ht, mmx, 3dnowpref, sse, sse2, sse3, ssse3, sse4.1, sse4.2, popcnt, lzcnt, tsc, tscinvbit, avx, avx2, aes, erms, clmul, bmi1, bmi2, adx, fma, vzeroupper, clflush, clflushopt, rdtscp, f16c
Processor Information for processor 0
  Max Mhz: 1800, Current Mhz: 1500, Mhz Limit: 1584
Processor Information for processor 1
  Max Mhz: 1800, Current Mhz: 1500, Mhz Limit: 1584
Processor Information for processor 2
  Max Mhz: 1800, Current Mhz: 1500, Mhz Limit: 1584
Processor Information for processor 3
  Max Mhz: 1800, Current Mhz: 1500, Mhz Limit: 1584
Processor Information for processor 4
  Max Mhz: 1800, Current Mhz: 1600, Mhz Limit: 1584
Processor Information for processor 5
  Max Mhz: 1800, Current Mhz: 1500, Mhz Limit: 1584
Processor Information for processor 6
  Max Mhz: 1800, Current Mhz: 1600, Mhz Limit: 1584
Processor Information for processor 7
  Max Mhz: 1800, Current Mhz: 1600, Mhz Limit: 1584

Memory: 4k page, system-wide physical 8083M (680M free)
TotalPageFile size 14929M (AvailPageFile size 111M)
current process WorkingSet (physical memory assigned to process): 12M, peak: 12M
current process commit charge ("private bytes"): 60M, peak: 188M

vm_info: OpenJDK 64-Bit Server VM (21.0.5+-13047016-b750.29) for windows-amd64 JRE (21.0.5+-13047016-b750.29), built on 2025-02-11T21:12:39Z by "builder" with MS VC++ 16.10 / 16.11 (VS2019)

END.
